Visual Class Library d:\мои документы\visual foxpro projects\vvk\libs\vvk_mias.vcx has the following errors:
    Unknown APARAMSJURNAL - Undefined
    Unknown ANAMEFIELDSPARAMS - Undefined
    Proc./Func. EXITPROC - Undefined

Form d:\мои документы\visual foxpro projects\vvk\forms\sysstruct.scx has the following errors:
    Form SYSSTRUCEDIT - Undefined

Form d:\мои документы\visual foxpro projects\vvk\forms\sysstructedit.scx has the following errors:
    Form SYSSTRUCEDIT - Undefined

Form d:\мои документы\visual foxpro projects\vvk\forms\spr\s_pacient.scx has the following errors:
    Unknown AJPARAM - Undefined

Form d:\мои документы\visual foxpro projects\vvk\forms\spr\s_jalob.scx has the following errors:
    Unknown AJPARAM - Undefined

Form d:\мои документы\visual foxpro projects\vvk\forms\ju\j_jalob.scx has the following errors:
    Unknown AJPARAM - Undefined

Form d:\мои документы\visual foxpro projects\vvk\forms\spr\s_sotrudnik.scx has the following errors:
    Unknown AJPARAM - Undefined

Form d:\мои документы\visual foxpro projects\vvk\forms\ju\j_temper.scx has the following errors:
    Unknown AJPARAM - Undefined

Form d:\мои документы\visual foxpro projects\vvk\forms\ju\j_chss.scx has the following errors:
    Unknown AJPARAM - Undefined

Form d:\мои документы\visual foxpro projects\vvk\forms\ju\j_chd.scx has the following errors:
    Unknown AJPARAM - Undefined

Form d:\мои документы\visual foxpro projects\vvk\forms\ju\j_rodnik.scx has the following errors:
    Unknown AJPARAM - Undefined

Form d:\мои документы\visual foxpro projects\vvk\forms\ju\j_analizsluh.scx has the following errors:
    Unknown AJPARAM - Undefined

Form d:\мои документы\visual foxpro projects\vvk\forms\ju\j_analizzrit.scx has the following errors:
    Unknown AJPARAM - Undefined

Form d:\мои документы\visual foxpro projects\vvk\forms\ju\j_dviob.scx has the following errors:
    Unknown AJPARAM - Undefined

Form d:\мои документы\visual foxpro projects\vvk\forms\ju\j_emocii.scx has the following errors:
    Unknown AJPARAM - Undefined

Form d:\мои документы\visual foxpro projects\vvk\forms\ju\j_sost1.scx has the following errors:
    Unknown AJPARAM - Undefined

Form d:\мои документы\visual foxpro projects\vvk\forms\ju\j_pitanie.scx has the following errors:
    Unknown AJPARAM - Undefined

Form d:\мои документы\visual foxpro projects\vvk\forms\ju\j_objectosmotr.scx has the following errors:
    Unknown AJPARAM - Undefined

Form d:\мои документы\visual foxpro projects\vvk\forms\spr\s_riski.scx has the following errors:
    Unknown AJPARAM - Undefined

Form d:\мои документы\visual foxpro projects\vvk\forms\ju\j_fiz.scx has the following errors:
    Unknown AJPARAM - Undefined

Form d:\мои документы\visual foxpro projects\vvk\forms\spr\s_prichina.scx has the following errors:
    Unknown AJPARAM - Undefined

Form d:\мои документы\visual foxpro projects\vvk\forms\ju\j_riski.scx has the following errors:
    Unknown AJPARAM - Undefined

Form d:\мои документы\visual foxpro projects\vvk\forms\ju\j_prichina.scx has the following errors:
    Unknown AJPARAM - Undefined

Form d:\мои документы\visual foxpro projects\vvk\forms\ju\j_vskarmlivanie.scx has the following errors:
    Unknown AJPARAM - Undefined

Form d:\мои документы\visual foxpro projects\vvk\forms\spr\s_universal.scx has the following errors:
    Unknown AJPARAM - Undefined

Form d:\мои документы\visual foxpro projects\vvk\forms\ju\j_lactacia.scx has the following errors:
    Unknown AJPARAM - Undefined

Form d:\мои документы\visual foxpro projects\vvk\forms\ju\j_prilochen.scx has the following errors:
    Unknown AJPARAM - Undefined

Form d:\мои документы\visual foxpro projects\vvk\forms\ju\j_soset.scx has the following errors:
    Unknown AJPARAM - Undefined

Form d:\мои документы\visual foxpro projects\vvk\forms\spr\s_mkb10.scx has the following errors:
    Unknown AJPARAM - Undefined

Form d:\мои документы\visual foxpro projects\vvk\forms\spr\s_ocenkarodit.scx has the following errors:
    Unknown AJPARAM - Undefined

Form d:\мои документы\visual foxpro projects\vvk\forms\ju\j_ocenkarodit.scx has the following errors:
    Unknown AJPARAM - Undefined

Form d:\мои документы\visual foxpro projects\vvk\forms\ju\j_diagnoz.scx has the following errors:
    Unknown AJPARAM - Undefined

Form d:\мои документы\visual foxpro projects\vvk\forms\spr\s_pitanie1.scx has the following errors:
    Unknown AJPARAM - Undefined

Form d:\мои документы\visual foxpro projects\vvk\forms\ju\j_pitanie1.scx has the following errors:
    Unknown AJPARAM - Undefined

Form d:\мои документы\visual foxpro projects\vvk\forms\spr\s_vv.scx has the following errors:
    Unknown AJPARAM - Undefined

Form d:\мои документы\visual foxpro projects\vvk\forms\ju\j_vv.scx has the following errors:
    Unknown AJPARAM - Undefined

Form d:\мои документы\visual foxpro projects\vvk\forms\spr\s_fizvozd.scx has the following errors:
    Unknown AJPARAM - Undefined

Form d:\мои документы\visual foxpro projects\vvk\forms\ju\j_fizvozd.scx has the following errors:
    Unknown AJPARAM - Undefined

Form d:\мои документы\visual foxpro projects\vvk\forms\spr\s_pps.scx has the following errors:
    Unknown AJPARAM - Undefined

Form d:\мои документы\visual foxpro projects\vvk\forms\ju\j_pps.scx has the following errors:
    Unknown AJPARAM - Undefined

Form d:\мои документы\visual foxpro projects\vvk\forms\spr\s_rahit.scx has the following errors:
    Unknown AJPARAM - Undefined

Form d:\мои документы\visual foxpro projects\vvk\forms\ju\j_rahit.scx has the following errors:
    Unknown AJPARAM - Undefined

Form d:\мои документы\visual foxpro projects\vvk\forms\spr\s_fizrazv.scx has the following errors:
    Unknown AJPARAM - Undefined

Form d:\мои документы\visual foxpro projects\vvk\forms\ju\j_fizrazv.scx has the following errors:
    Unknown AJPARAM - Undefined

Form d:\мои документы\visual foxpro projects\vvk\forms\spr\s_npr.scx has the following errors:
    Unknown AJPARAM - Undefined

Form d:\мои документы\visual foxpro projects\vvk\forms\ju\j_npr.scx has the following errors:
    Unknown AJPARAM - Undefined

Form d:\мои документы\visual foxpro projects\vvk\forms\spr\s_grupzdor.scx has the following errors:
    Unknown AJPARAM - Undefined

Form d:\мои документы\visual foxpro projects\vvk\forms\ju\j_grupzdor.scx has the following errors:
    Unknown AJPARAM - Undefined

Form d:\мои документы\visual foxpro projects\vvk\forms\spr\s_vaccine.scx has the following errors:
    Unknown AJPARAM - Undefined

Form d:\мои документы\visual foxpro projects\vvk\forms\spr\s_analiz.scx has the following errors:
    Unknown AJPARAM - Undefined

Form d:\мои документы\visual foxpro projects\vvk\forms\spr\s_analizrez.scx has the following errors:
    Unknown AJPARAM - Undefined

Form d:\мои документы\visual foxpro projects\vvk\forms\ju\j_vaccinereactia.scx has the following errors:
    Unknown AJPARAM - Undefined

Form d:\мои документы\visual foxpro projects\vvk\forms\ju\j_analizrez.scx has the following errors:
    Unknown AJPARAM - Undefined

Form d:\мои документы\visual foxpro projects\vvk\forms\spr\s_adresregion.scx has the following errors:
    Unknown AJPARAM - Undefined

Form d:\мои документы\visual foxpro projects\vvk\forms\spr\s_adresraion.scx has the following errors:
    Unknown AJPARAM - Undefined

Form d:\мои документы\visual foxpro projects\vvk\forms\spr\s_adrescity.scx has the following errors:
    Unknown AJPARAM - Undefined

Form d:\мои документы\visual foxpro projects\vvk\forms\spr\s_adresstreet.scx has the following errors:
    Unknown AJPARAM - Undefined

Form d:\мои документы\visual foxpro projects\vvk\forms\spr\s_pacientadres.scx has the following errors:
    Unknown AJPARAM - Undefined

Form d:\мои документы\visual foxpro projects\vvk\forms\spr\s_vaccinedoza.scx has the following errors:
    Unknown AJPARAM - Undefined

Form d:\мои документы\visual foxpro projects\vvk\forms\spr\s_izgotovitel.scx has the following errors:
    Unknown AJPARAM - Undefined

Form d:\мои документы\visual foxpro projects\vvk\forms\spr\s_metodvvedenia.scx has the following errors:
    Unknown AJPARAM - Undefined

Form d:\мои документы\visual foxpro projects\vvk\forms\spr\s_blankexcel.scx has the following errors:
    Unknown AJPARAM - Undefined

Form d:\мои документы\visual foxpro projects\vvk\forms\spr\s_personobject.scx has the following errors:
    Unknown AJPARAM - Undefined

Form d:\мои документы\visual foxpro projects\vvk\forms\spr\s_vredpriv.scx has the following errors:
    Unknown AJPARAM - Undefined

Form d:\мои документы\visual foxpro projects\vvk\forms\spr\s_obrazovanie.scx has the following errors:
    Unknown AJPARAM - Undefined

Form d:\мои документы\visual foxpro projects\vvk\forms\spr\s_sovet.scx has the following errors:
    Unknown AJPARAM - Undefined

Form d:\мои документы\visual foxpro projects\vvk\forms\spr\s_medotvod.scx has the following errors:
    Unknown AJPARAM - Undefined

Form d:\мои документы\visual foxpro projects\vvk\forms\spr\s_vaccinereactia.scx has the following errors:
    Unknown AJPARAM - Undefined

Form d:\мои документы\visual foxpro projects\vvk\forms\spr\s_vaccineonreactia.scx has the following errors:
    Unknown AJPARAM - Undefined

Form d:\мои документы\visual foxpro projects\vvk\forms\spr\s_lab.scx has the following errors:
    Unknown AJPARAM - Undefined

Form d:\мои документы\visual foxpro projects\vvk\forms\spr\s_labissled.scx has the following errors:
    Unknown AJPARAM - Undefined

Form d:\мои документы\visual foxpro projects\vvk\forms\spr\s_status.scx has the following errors:
    Unknown AJPARAM - Undefined

Form d:\мои документы\visual foxpro projects\vvk\forms\spr\s_statusmesto.scx has the following errors:
    Unknown AJPARAM - Undefined

Form d:\мои документы\visual foxpro projects\vvk\forms\spr\s_statusdol.scx has the following errors:
    Unknown AJPARAM - Undefined

Form d:\мои документы\visual foxpro projects\vvk\forms\spr\s_prichinanopolis.scx has the following errors:
    Unknown AJPARAM - Undefined

Form d:\мои документы\visual foxpro projects\vvk\forms\spr\s_adrescountry.scx has the following errors:
    Unknown AJPARAM - Undefined

Form d:\мои документы\visual foxpro projects\vvk\forms\spr\s_pacientpolis.scx has the following errors:
    Unknown AJPARAM - Undefined

Form d:\мои документы\visual foxpro projects\vvk\forms\spr\s_smo.scx has the following errors:
    Unknown AJPARAM - Undefined

Form d:\мои документы\visual foxpro projects\vvk\forms\spr\s_lgot.scx has the following errors:
    Unknown AJPARAM - Undefined

Form d:\мои документы\visual foxpro projects\vvk\forms\spr\s_rezultat.scx has the following errors:
    Unknown AJPARAM - Undefined

Form d:\мои документы\visual foxpro projects\vvk\forms\spr\s_pacientname.scx has the following errors:
    Unknown AJPARAM - Undefined

Form d:\мои документы\visual foxpro projects\vvk\forms\spr\s_pacientoth.scx has the following errors:
    Unknown AJPARAM - Undefined

Form d:\мои документы\visual foxpro projects\vvk\forms\spr\s_labrezultat.scx has the following errors:
    Unknown AJPARAM - Undefined

Form d:\мои документы\visual foxpro projects\vvk\forms\spr\s_labtorm.scx has the following errors:
    Unknown AJPARAM - Undefined

Form d:\мои документы\visual foxpro projects\vvk\forms\spr\s_labmochacvet.scx has the following errors:
    Unknown AJPARAM - Undefined

Form d:\мои документы\visual foxpro projects\vvk\forms\spr\s_labmochaprozr.scx has the following errors:
    Unknown AJPARAM - Undefined

Form d:\мои документы\visual foxpro projects\vvk\forms\spr\s_labmokrotazapah.scx has the following errors:
    Unknown AJPARAM - Undefined

Form d:\мои документы\visual foxpro projects\vvk\forms\spr\s_labmokrotahar.scx has the following errors:
    Unknown AJPARAM - Undefined

Form d:\мои документы\visual foxpro projects\vvk\forms\spr\s_labmokrotakons.scx has the following errors:
    Unknown AJPARAM - Undefined

Form d:\мои документы\visual foxpro projects\vvk\forms\spr\s_labmokrotaforma.scx has the following errors:
    Unknown AJPARAM - Undefined

Form d:\мои документы\visual foxpro projects\vvk\forms\spr\s_labmokrotacvet.scx has the following errors:
    Unknown AJPARAM - Undefined

Form d:\мои документы\visual foxpro projects\vvk\forms\spr\s_vievneviev.scx has the following errors:
    Unknown AJPARAM - Undefined

Form d:\мои документы\visual foxpro projects\vvk\forms\spr\s_labtsh.scx has the following errors:
    Unknown AJPARAM - Undefined

Form d:\мои документы\visual foxpro projects\vvk\forms\spr\s_labkoprocvet.scx has the following errors:
    Unknown AJPARAM - Undefined

Form d:\мои документы\visual foxpro projects\vvk\forms\spr\s_labkoproforma.scx has the following errors:
    Unknown AJPARAM - Undefined

Form d:\мои документы\visual foxpro projects\vvk\forms\spr\s_labkoprokons.scx has the following errors:
    Unknown AJPARAM - Undefined

Form d:\мои документы\visual foxpro projects\vvk\forms\spr\s_labkoprozapah.scx has the following errors:
    Unknown AJPARAM - Undefined

Form d:\мои документы\visual foxpro projects\vvk\forms\spr\s_labnal.scx has the following errors:
    Unknown AJPARAM - Undefined

Form d:\мои документы\visual foxpro projects\vvk\forms\spr\s_parazit.scx has the following errors:
    Unknown AJPARAM - Undefined

Form d:\мои документы\visual foxpro projects\vvk\forms\spr\s_labpris.scx has the following errors:
    Unknown AJPARAM - Undefined

Form d:\мои документы\visual foxpro projects\vvk\forms\spr\s_labbileleikocit.scx has the following errors:
    Unknown AJPARAM - Undefined

Form d:\мои документы\visual foxpro projects\vvk\forms\spr\s_labbileepit.scx has the following errors:
    Unknown AJPARAM - Undefined

Form d:\мои документы\visual foxpro projects\vvk\forms\spr\s_labbilecvet.scx has the following errors:
    Unknown AJPARAM - Undefined

Form d:\мои документы\visual foxpro projects\vvk\forms\spr\s_labbileprozr.scx has the following errors:
    Unknown AJPARAM - Undefined

Form d:\мои документы\visual foxpro projects\vvk\forms\spr\s_labbilekons.scx has the following errors:
    Unknown AJPARAM - Undefined

Form d:\мои документы\visual foxpro projects\vvk\forms\spr\s_lablgeallergen.scx has the following errors:
    Unknown AJPARAM - Undefined

Form d:\мои документы\visual foxpro projects\vvk\forms\spr\s_lablgestepreak.scx has the following errors:
    Unknown AJPARAM - Undefined

