Small Utils - BackUp 32
Registered to: MOTHER - RUSSIA
йнлоэчреп:    KOMPIK
онкэгнбюрекэ: юДЛХМХЯРПЮРНП
йнмтхцспюжхъ: day -> 2_lastfourdays_prog.cfg
нохяюмхе:     *** For Day PROG***
мювюкн:       19.03.2007 - 8:57:09
***************************************************************************
бпелеммши юпухб: <D:\Temp\~ARC0.zip>
бяецн напюанрюмн 0 тюикнб
тюикнб б юпухб днаюбкемн ме ашкн - осярни юпухб сдюкем
***************************************************************************
хрнцх:
юпухб: E:\Archive\Prog\LastFourDays\DAY_PROG_20070319_0857.zip
пюанрю гюйнмвемю: 19.03.2007 8:57:09
бпелъ пюанрш:     0:00:00
пюглеп юпухбю:    0 KB
напюанрюмн:       0 тюикнб
бяецн б юпухбе:   0 тюикнб
***************************************************************************
опнакелш:
тюикнб б юпухб днаюбкемн ме ашкн - осярни юпухб сдюкем
