Small Utils - BackUp 32
Registered to: MOTHER - RUSSIA
 ŒÃœ‹ﬁ“≈–:    KOMPIK
œŒÀ‹«Œ¬¿“≈À‹: ¿‰ÏËÌËÒÚ‡ÚÓ
 ŒÕ‘»√”–¿÷»ﬂ: day -> 2_lastfourdays_prog.cfg
Œœ»—¿Õ»≈:     *** For Day PROG***
Õ¿◊¿ÀŒ:       18.03.2007 - 12:09:30
***************************************************************************
¬–≈Ã≈ÕÕ€… ¿–’»¬: <D:\Temp\~ARC0.zip>
Œ¡–¿¡Œ“ ¿: <C:\Program Files\Microsoft SQL Server\MSSQL\My Data\Projects\VVK_MIAS\Data\data1.dbc>
Œ¡–¿¡Œ“ ¿: <C:\Program Files\Microsoft SQL Server\MSSQL\My Data\Projects\VVK_MIAS\Data\data1.DCT>
Œ¡–¿¡Œ“ ¿: <C:\Program Files\Microsoft SQL Server\MSSQL\My Data\Projects\VVK_MIAS\Forms\a_option.SCT>
Œ¡–¿¡Œ“ ¿: <C:\Program Files\Microsoft SQL Server\MSSQL\My Data\Projects\VVK_MIAS\Forms\a_option.scx>
Œ¡–¿¡Œ“ ¿: <C:\Program Files\Microsoft SQL Server\MSSQL\My Data\Projects\VVK_MIAS\Forms\a_runfiles.SCT>
Œ¡–¿¡Œ“ ¿: <C:\Program Files\Microsoft SQL Server\MSSQL\My Data\Projects\VVK_MIAS\Forms\a_runfiles.scx>
Œ¡–¿¡Œ“ ¿: <C:\Program Files\Microsoft SQL Server\MSSQL\My Data\Projects\VVK_MIAS\Forms\createtable.SCT>
Œ¡–¿¡Œ“ ¿: <C:\Program Files\Microsoft SQL Server\MSSQL\My Data\Projects\VVK_MIAS\Forms\createtable.scx>
Œ¡–¿¡Œ“ ¿: <C:\Program Files\Microsoft SQL Server\MSSQL\My Data\Projects\VVK_MIAS\Forms\createtable_copy.SCT>
Œ¡–¿¡Œ“ ¿: <C:\Program Files\Microsoft SQL Server\MSSQL\My Data\Projects\VVK_MIAS\Forms\createtable_copy.scx>
Œ¡–¿¡Œ“ ¿: <C:\Program Files\Microsoft SQL Server\MSSQL\My Data\Projects\VVK_MIAS\Forms\DOCS\d_objectosmotr.SCT>
Œ¡–¿¡Œ“ ¿: <C:\Program Files\Microsoft SQL Server\MSSQL\My Data\Projects\VVK_MIAS\Forms\DOCS\d_objectosmotr.scx>
Œ¡–¿¡Œ“ ¿: <C:\Program Files\Microsoft SQL Server\MSSQL\My Data\Projects\VVK_MIAS\Forms\DOCS\d_objectosmotr_old.sct>
Œ¡–¿¡Œ“ ¿: <C:\Program Files\Microsoft SQL Server\MSSQL\My Data\Projects\VVK_MIAS\Forms\DOCS\d_objectosmotr_old.scx>
Œ¡–¿¡Œ“ ¿: <C:\Program Files\Microsoft SQL Server\MSSQL\My Data\Projects\VVK_MIAS\Forms\DOCS\d_vaccineprovedenie.SCT>
Œ¡–¿¡Œ“ ¿: <C:\Program Files\Microsoft SQL Server\MSSQL\My Data\Projects\VVK_MIAS\Forms\DOCS\d_vaccineprovedenie.scx>
Œ¡–¿¡Œ“ ¿: <C:\Program Files\Microsoft SQL Server\MSSQL\My Data\Projects\VVK_MIAS\Forms\DOCS\LAB\d_labnazn.SCT>
Œ¡–¿¡Œ“ ¿: <C:\Program Files\Microsoft SQL Server\MSSQL\My Data\Projects\VVK_MIAS\Forms\DOCS\LAB\d_labnazn.scx>
Œ¡–¿¡Œ“ ¿: <C:\Program Files\Microsoft SQL Server\MSSQL\My Data\Projects\VVK_MIAS\Forms\DOCS\LAB\d_lab_addis.SCT>
Œ¡–¿¡Œ“ ¿: <C:\Program Files\Microsoft SQL Server\MSSQL\My Data\Projects\VVK_MIAS\Forms\DOCS\LAB\d_lab_addis.scx>
Œ¡–¿¡Œ“ ¿: <C:\Program Files\Microsoft SQL Server\MSSQL\My Data\Projects\VVK_MIAS\Forms\DOCS\LAB\d_lab_antitelCMB.SCT>
Œ¡–¿¡Œ“ ¿: <C:\Program Files\Microsoft SQL Server\MSSQL\My Data\Projects\VVK_MIAS\Forms\DOCS\LAB\d_lab_antitelCMB.scx>
Œ¡–¿¡Œ“ ¿: <C:\Program Files\Microsoft SQL Server\MSSQL\My Data\Projects\VVK_MIAS\Forms\DOCS\LAB\d_lab_antitellamblii.SCT>
Œ¡–¿¡Œ“ ¿: <C:\Program Files\Microsoft SQL Server\MSSQL\My Data\Projects\VVK_MIAS\Forms\DOCS\LAB\d_lab_antitellamblii.scx>
Œ¡–¿¡Œ“ ¿: <C:\Program Files\Microsoft SQL Server\MSSQL\My Data\Projects\VVK_MIAS\Forms\DOCS\LAB\d_lab_antitelMikopl.SCT>
Œ¡–¿¡Œ“ ¿: <C:\Program Files\Microsoft SQL Server\MSSQL\My Data\Projects\VVK_MIAS\Forms\DOCS\LAB\d_lab_antitelMikopl.scx>
Œ¡–¿¡Œ“ ¿: <C:\Program Files\Microsoft SQL Server\MSSQL\My Data\Projects\VVK_MIAS\Forms\DOCS\LAB\d_lab_antitelPssit.SCT>
Œ¡–¿¡Œ“ ¿: <C:\Program Files\Microsoft SQL Server\MSSQL\My Data\Projects\VVK_MIAS\Forms\DOCS\LAB\d_lab_antitelPssit.scx>
Œ¡–¿¡Œ“ ¿: <C:\Program Files\Microsoft SQL Server\MSSQL\My Data\Projects\VVK_MIAS\Forms\DOCS\LAB\d_lab_antitelTokso.SCT>
Œ¡–¿¡Œ“ ¿: <C:\Program Files\Microsoft SQL Server\MSSQL\My Data\Projects\VVK_MIAS\Forms\DOCS\LAB\d_lab_antitelTokso.scx>
Œ¡–¿¡Œ“ ¿: <C:\Program Files\Microsoft SQL Server\MSSQL\My Data\Projects\VVK_MIAS\Forms\DOCS\LAB\d_lab_antitelTrach.SCT>
Œ¡–¿¡Œ“ ¿: <C:\Program Files\Microsoft SQL Server\MSSQL\My Data\Projects\VVK_MIAS\Forms\DOCS\LAB\d_lab_antitelTrach.scx>
Œ¡–¿¡Œ“ ¿: <C:\Program Files\Microsoft SQL Server\MSSQL\My Data\Projects\VVK_MIAS\Forms\DOCS\LAB\d_lab_antitelUreo.SCT>
Œ¡–¿¡Œ“ ¿: <C:\Program Files\Microsoft SQL Server\MSSQL\My Data\Projects\VVK_MIAS\Forms\DOCS\LAB\d_lab_antitelUreo.scx>
Œ¡–¿¡Œ“ ¿: <C:\Program Files\Microsoft SQL Server\MSSQL\My Data\Projects\VVK_MIAS\Forms\DOCS\LAB\d_lab_antitelVPG.SCT>
Œ¡–¿¡Œ“ ¿: <C:\Program Files\Microsoft SQL Server\MSSQL\My Data\Projects\VVK_MIAS\Forms\DOCS\LAB\d_lab_antitelVPG.scx>
Œ¡–¿¡Œ“ ¿: <C:\Program Files\Microsoft SQL Server\MSSQL\My Data\Projects\VVK_MIAS\Forms\DOCS\LAB\d_lab_bile.SCT>
Œ¡–¿¡Œ“ ¿: <C:\Program Files\Microsoft SQL Server\MSSQL\My Data\Projects\VVK_MIAS\Forms\DOCS\LAB\d_lab_bile.scx>
Œ¡–¿¡Œ“ ¿: <C:\Program Files\Microsoft SQL Server\MSSQL\My Data\Projects\VVK_MIAS\Forms\DOCS\LAB\d_lab_diastaza.SCT>
Œ¡–¿¡Œ“ ¿: <C:\Program Files\Microsoft SQL Server\MSSQL\My Data\Projects\VVK_MIAS\Forms\DOCS\LAB\d_lab_diastaza.scx>
Œ¡–¿¡Œ“ ¿: <C:\Program Files\Microsoft SQL Server\MSSQL\My Data\Projects\VVK_MIAS\Forms\DOCS\LAB\d_lab_endogen.SCT>
Œ¡–¿¡Œ“ ¿: <C:\Program Files\Microsoft SQL Server\MSSQL\My Data\Projects\VVK_MIAS\Forms\DOCS\LAB\d_lab_endogen.scx>
Œ¡–¿¡Œ“ ¿: <C:\Program Files\Microsoft SQL Server\MSSQL\My Data\Projects\VVK_MIAS\Forms\DOCS\LAB\d_lab_gelm.SCT>
Œ¡–¿¡Œ“ ¿: <C:\Program Files\Microsoft SQL Server\MSSQL\My Data\Projects\VVK_MIAS\Forms\DOCS\LAB\d_lab_gelm.scx>
Œ¡–¿¡Œ“ ¿: <C:\Program Files\Microsoft SQL Server\MSSQL\My Data\Projects\VVK_MIAS\Forms\DOCS\LAB\d_lab_glikozilir.SCT>
Œ¡–¿¡Œ“ ¿: <C:\Program Files\Microsoft SQL Server\MSSQL\My Data\Projects\VVK_MIAS\Forms\DOCS\LAB\d_lab_glikozilir.scx>
Œ¡–¿¡Œ“ ¿: <C:\Program Files\Microsoft SQL Server\MSSQL\My Data\Projects\VVK_MIAS\Forms\DOCS\LAB\d_lab_glukoza.SCT>
Œ¡–¿¡Œ“ ¿: <C:\Program Files\Microsoft SQL Server\MSSQL\My Data\Projects\VVK_MIAS\Forms\DOCS\LAB\d_lab_glukoza.scx>
Œ¡–¿¡Œ“ ¿: <C:\Program Files\Microsoft SQL Server\MSSQL\My Data\Projects\VVK_MIAS\Forms\DOCS\LAB\d_lab_gormon.SCT>
Œ¡–¿¡Œ“ ¿: <C:\Program Files\Microsoft SQL Server\MSSQL\My Data\Projects\VVK_MIAS\Forms\DOCS\LAB\d_lab_gormon.scx>
Œ¡–¿¡Œ“ ¿: <C:\Program Files\Microsoft SQL Server\MSSQL\My Data\Projects\VVK_MIAS\Forms\DOCS\LAB\d_lab_hbsag.SCT>
Œ¡–¿¡Œ“ ¿: <C:\Program Files\Microsoft SQL Server\MSSQL\My Data\Projects\VVK_MIAS\Forms\DOCS\LAB\d_lab_hbsag.scx>
Œ¡–¿¡Œ“ ¿: <C:\Program Files\Microsoft SQL Server\MSSQL\My Data\Projects\VVK_MIAS\Forms\DOCS\LAB\d_lab_hloridpota.SCT>
Œ¡–¿¡Œ“ ¿: <C:\Program Files\Microsoft SQL Server\MSSQL\My Data\Projects\VVK_MIAS\Forms\DOCS\LAB\d_lab_hloridpota.scx>
Œ¡–¿¡Œ“ ¿: <C:\Program Files\Microsoft SQL Server\MSSQL\My Data\Projects\VVK_MIAS\Forms\DOCS\LAB\d_lab_Hromatin.SCT>
Œ¡–¿¡Œ“ ¿: <C:\Program Files\Microsoft SQL Server\MSSQL\My Data\Projects\VVK_MIAS\Forms\DOCS\LAB\d_lab_Hromatin.scx>
Œ¡–¿¡Œ“ ¿: <C:\Program Files\Microsoft SQL Server\MSSQL\My Data\Projects\VVK_MIAS\Forms\DOCS\LAB\d_lab_immunogen.SCT>
Œ¡–¿¡Œ“ ¿: <C:\Program Files\Microsoft SQL Server\MSSQL\My Data\Projects\VVK_MIAS\Forms\DOCS\LAB\d_lab_immunogen.scx>
Œ¡–¿¡Œ“ ¿: <C:\Program Files\Microsoft SQL Server\MSSQL\My Data\Projects\VVK_MIAS\Forms\DOCS\LAB\d_lab_immunstatuskrat.SCT>
Œ¡–¿¡Œ“ ¿: <C:\Program Files\Microsoft SQL Server\MSSQL\My Data\Projects\VVK_MIAS\Forms\DOCS\LAB\d_lab_immunstatuskrat.scx>
Œ¡–¿¡Œ“ ¿: <C:\Program Files\Microsoft SQL Server\MSSQL\My Data\Projects\VVK_MIAS\Forms\DOCS\LAB\d_lab_immunstatuspol.SCT>
Œ¡–¿¡Œ“ ¿: <C:\Program Files\Microsoft SQL Server\MSSQL\My Data\Projects\VVK_MIAS\Forms\DOCS\LAB\d_lab_immunstatuspol.scx>
Œ¡–¿¡Œ“ ¿: <C:\Program Files\Microsoft SQL Server\MSSQL\My Data\Projects\VVK_MIAS\Forms\DOCS\LAB\d_lab_koagulogramma.SCT>
Œ¡–¿¡Œ“ ¿: <C:\Program Files\Microsoft SQL Server\MSSQL\My Data\Projects\VVK_MIAS\Forms\DOCS\LAB\d_lab_koagulogramma.scx>
Œ¡–¿¡Œ“ ¿: <C:\Program Files\Microsoft SQL Server\MSSQL\My Data\Projects\VVK_MIAS\Forms\DOCS\LAB\d_lab_kopro.SCT>
Œ¡–¿¡Œ“ ¿: <C:\Program Files\Microsoft SQL Server\MSSQL\My Data\Projects\VVK_MIAS\Forms\DOCS\LAB\d_lab_kopro.scx>
Œ¡–¿¡Œ“ ¿: <C:\Program Files\Microsoft SQL Server\MSSQL\My Data\Projects\VVK_MIAS\Forms\DOCS\LAB\d_lab_krovall.SCT>
Œ¡–¿¡Œ“ ¿: <C:\Program Files\Microsoft SQL Server\MSSQL\My Data\Projects\VVK_MIAS\Forms\DOCS\LAB\d_lab_krovall.scx>
Œ¡–¿¡Œ“ ¿: <C:\Program Files\Microsoft SQL Server\MSSQL\My Data\Projects\VVK_MIAS\Forms\DOCS\LAB\d_lab_krovbio.SCT>
Œ¡–¿¡Œ“ ¿: <C:\Program Files\Microsoft SQL Server\MSSQL\My Data\Projects\VVK_MIAS\Forms\DOCS\LAB\d_lab_krovbio.scx>
Œ¡–¿¡Œ“ ¿: <C:\Program Files\Microsoft SQL Server\MSSQL\My Data\Projects\VVK_MIAS\Forms\DOCS\LAB\d_lab_krovgormon.SCT>
Œ¡–¿¡Œ“ ¿: <C:\Program Files\Microsoft SQL Server\MSSQL\My Data\Projects\VVK_MIAS\Forms\DOCS\LAB\d_lab_krovgormon.scx>
Œ¡–¿¡Œ“ ¿: <C:\Program Files\Microsoft SQL Server\MSSQL\My Data\Projects\VVK_MIAS\Forms\DOCS\LAB\d_lab_krovgruppa.SCT>
Œ¡–¿¡Œ“ ¿: <C:\Program Files\Microsoft SQL Server\MSSQL\My Data\Projects\VVK_MIAS\Forms\DOCS\LAB\d_lab_krovgruppa.scx>
Œ¡–¿¡Œ“ ¿: <C:\Program Files\Microsoft SQL Server\MSSQL\My Data\Projects\VVK_MIAS\Forms\DOCS\LAB\d_lab_krovkariotip.SCT>
Œ¡–¿¡Œ“ ¿: <C:\Program Files\Microsoft SQL Server\MSSQL\My Data\Projects\VVK_MIAS\Forms\DOCS\LAB\d_lab_krovkariotip.scx>
Œ¡–¿¡Œ“ ¿: <C:\Program Files\Microsoft SQL Server\MSSQL\My Data\Projects\VVK_MIAS\Forms\DOCS\LAB\d_lab_KrovSaharKriv.SCT>
Œ¡–¿¡Œ“ ¿: <C:\Program Files\Microsoft SQL Server\MSSQL\My Data\Projects\VVK_MIAS\Forms\DOCS\LAB\d_lab_KrovSaharKriv.scx>
Œ¡–¿¡Œ“ ¿: <C:\Program Files\Microsoft SQL Server\MSSQL\My Data\Projects\VVK_MIAS\Forms\DOCS\LAB\d_lab_lge.SCT>
Œ¡–¿¡Œ“ ¿: <C:\Program Files\Microsoft SQL Server\MSSQL\My Data\Projects\VVK_MIAS\Forms\DOCS\LAB\d_lab_lge.scx>
Œ¡–¿¡Œ“ ¿: <C:\Program Files\Microsoft SQL Server\MSSQL\My Data\Projects\VVK_MIAS\Forms\DOCS\LAB\d_lab_lgebakter.SCT>
Œ¡–¿¡Œ“ ¿: <C:\Program Files\Microsoft SQL Server\MSSQL\My Data\Projects\VVK_MIAS\Forms\DOCS\LAB\d_lab_lgebakter.scx>
Œ¡–¿¡Œ“ ¿: <C:\Program Files\Microsoft SQL Server\MSSQL\My Data\Projects\VVK_MIAS\Forms\DOCS\LAB\d_lab_lgebitovie.SCT>
Œ¡–¿¡Œ“ ¿: <C:\Program Files\Microsoft SQL Server\MSSQL\My Data\Projects\VVK_MIAS\Forms\DOCS\LAB\d_lab_lgebitovie.scx>
Œ¡–¿¡Œ“ ¿: <C:\Program Files\Microsoft SQL Server\MSSQL\My Data\Projects\VVK_MIAS\Forms\DOCS\LAB\d_lab_lgEPichevie.SCT>
Œ¡–¿¡Œ“ ¿: <C:\Program Files\Microsoft SQL Server\MSSQL\My Data\Projects\VVK_MIAS\Forms\DOCS\LAB\d_lab_lgEPichevie.scx>
Œ¡–¿¡Œ“ ¿: <C:\Program Files\Microsoft SQL Server\MSSQL\My Data\Projects\VVK_MIAS\Forms\DOCS\LAB\d_lab_lgEPil.SCT>
Œ¡–¿¡Œ“ ¿: <C:\Program Files\Microsoft SQL Server\MSSQL\My Data\Projects\VVK_MIAS\Forms\DOCS\LAB\d_lab_lgEPil.scx>
Œ¡–¿¡Œ“ ¿: <C:\Program Files\Microsoft SQL Server\MSSQL\My Data\Projects\VVK_MIAS\Forms\DOCS\LAB\d_lab_lgg1.SCT>
Œ¡–¿¡Œ“ ¿: <C:\Program Files\Microsoft SQL Server\MSSQL\My Data\Projects\VVK_MIAS\Forms\DOCS\LAB\d_lab_lgg1.scx>
Œ¡–¿¡Œ“ ¿: <C:\Program Files\Microsoft SQL Server\MSSQL\My Data\Projects\VVK_MIAS\Forms\DOCS\LAB\d_lab_lgg2.SCT>
Œ¡–¿¡Œ“ ¿: <C:\Program Files\Microsoft SQL Server\MSSQL\My Data\Projects\VVK_MIAS\Forms\DOCS\LAB\d_lab_lgg2.scx>
Œ¡–¿¡Œ“ ¿: <C:\Program Files\Microsoft SQL Server\MSSQL\My Data\Projects\VVK_MIAS\Forms\DOCS\LAB\d_lab_lgg3.SCT>
Œ¡–¿¡Œ“ ¿: <C:\Program Files\Microsoft SQL Server\MSSQL\My Data\Projects\VVK_MIAS\Forms\DOCS\LAB\d_lab_lgg3.scx>
Œ¡–¿¡Œ“ ¿: <C:\Program Files\Microsoft SQL Server\MSSQL\My Data\Projects\VVK_MIAS\Forms\DOCS\LAB\d_lab_lgg4.SCT>
Œ¡–¿¡Œ“ ¿: <C:\Program Files\Microsoft SQL Server\MSSQL\My Data\Projects\VVK_MIAS\Forms\DOCS\LAB\d_lab_lgg4.scx>
Œ¡–¿¡Œ“ ¿: <C:\Program Files\Microsoft SQL Server\MSSQL\My Data\Projects\VVK_MIAS\Forms\DOCS\LAB\d_lab_lgg5.SCT>
Œ¡–¿¡Œ“ ¿: <C:\Program Files\Microsoft SQL Server\MSSQL\My Data\Projects\VVK_MIAS\Forms\DOCS\LAB\d_lab_lgg5.scx>
Œ¡–¿¡Œ“ ¿: <C:\Program Files\Microsoft SQL Server\MSSQL\My Data\Projects\VVK_MIAS\Forms\DOCS\LAB\d_lab_lgg6.SCT>
Œ¡–¿¡Œ“ ¿: <C:\Program Files\Microsoft SQL Server\MSSQL\My Data\Projects\VVK_MIAS\Forms\DOCS\LAB\d_lab_lgg6.scx>
Œ¡–¿¡Œ“ ¿: <C:\Program Files\Microsoft SQL Server\MSSQL\My Data\Projects\VVK_MIAS\Forms\DOCS\LAB\d_lab_lgg7.SCT>
Œ¡–¿¡Œ“ ¿: <C:\Program Files\Microsoft SQL Server\MSSQL\My Data\Projects\VVK_MIAS\Forms\DOCS\LAB\d_lab_lgg7.scx>
Œ¡–¿¡Œ“ ¿: <C:\Program Files\Microsoft SQL Server\MSSQL\My Data\Projects\VVK_MIAS\Forms\DOCS\LAB\d_lab_lgg8.SCT>
Œ¡–¿¡Œ“ ¿: <C:\Program Files\Microsoft SQL Server\MSSQL\My Data\Projects\VVK_MIAS\Forms\DOCS\LAB\d_lab_lgg8.scx>
Œ¡–¿¡Œ“ ¿: <C:\Program Files\Microsoft SQL Server\MSSQL\My Data\Projects\VVK_MIAS\Forms\DOCS\LAB\d_lab_mazokiznosa.SCT>
Œ¡–¿¡Œ“ ¿: <C:\Program Files\Microsoft SQL Server\MSSQL\My Data\Projects\VVK_MIAS\Forms\DOCS\LAB\d_lab_mazokiznosa.scx>
Œ¡–¿¡Œ“ ¿: <C:\Program Files\Microsoft SQL Server\MSSQL\My Data\Projects\VVK_MIAS\Forms\DOCS\LAB\d_lab_mikroprec.SCT>
Œ¡–¿¡Œ“ ¿: <C:\Program Files\Microsoft SQL Server\MSSQL\My Data\Projects\VVK_MIAS\Forms\DOCS\LAB\d_lab_mikroprec.scx>
Œ¡–¿¡Œ“ ¿: <C:\Program Files\Microsoft SQL Server\MSSQL\My Data\Projects\VVK_MIAS\Forms\DOCS\LAB\d_lab_mocha.SCT>
Œ¡–¿¡Œ“ ¿: <C:\Program Files\Microsoft SQL Server\MSSQL\My Data\Projects\VVK_MIAS\Forms\DOCS\LAB\d_lab_mocha.scx>
Œ¡–¿¡Œ“ ¿: <C:\Program Files\Microsoft SQL Server\MSSQL\My Data\Projects\VVK_MIAS\Forms\DOCS\LAB\d_lab_mochabio.SCT>
Œ¡–¿¡Œ“ ¿: <C:\Program Files\Microsoft SQL Server\MSSQL\My Data\Projects\VVK_MIAS\Forms\DOCS\LAB\d_lab_mochabio.scx>
Œ¡–¿¡Œ“ ¿: <C:\Program Files\Microsoft SQL Server\MSSQL\My Data\Projects\VVK_MIAS\Forms\DOCS\LAB\d_lab_mokrota.SCT>
Œ¡–¿¡Œ“ ¿: <C:\Program Files\Microsoft SQL Server\MSSQL\My Data\Projects\VVK_MIAS\Forms\DOCS\LAB\d_lab_mokrota.scx>
Œ¡–¿¡Œ“ ¿: <C:\Program Files\Microsoft SQL Server\MSSQL\My Data\Projects\VVK_MIAS\Forms\DOCS\LAB\d_lab_nechip.SCT>
Œ¡–¿¡Œ“ ¿: <C:\Program Files\Microsoft SQL Server\MSSQL\My Data\Projects\VVK_MIAS\Forms\DOCS\LAB\d_lab_nechip.scx>
Œ¡–¿¡Œ“ ¿: <C:\Program Files\Microsoft SQL Server\MSSQL\My Data\Projects\VVK_MIAS\Forms\DOCS\LAB\d_lab_Nitritest.SCT>
Œ¡–¿¡Œ“ ¿: <C:\Program Files\Microsoft SQL Server\MSSQL\My Data\Projects\VVK_MIAS\Forms\DOCS\LAB\d_lab_Nitritest.scx>
Œ¡–¿¡Œ“ ¿: <C:\Program Files\Microsoft SQL Server\MSSQL\My Data\Projects\VVK_MIAS\Forms\DOCS\LAB\d_lab_osmotich.SCT>
Œ¡–¿¡Œ“ ¿: <C:\Program Files\Microsoft SQL Server\MSSQL\My Data\Projects\VVK_MIAS\Forms\DOCS\LAB\d_lab_osmotich.scx>
Œ¡–¿¡Œ“ ¿: <C:\Program Files\Microsoft SQL Server\MSSQL\My Data\Projects\VVK_MIAS\Forms\DOCS\LAB\d_lab_otdel.SCT>
Œ¡–¿¡Œ“ ¿: <C:\Program Files\Microsoft SQL Server\MSSQL\My Data\Projects\VVK_MIAS\Forms\DOCS\LAB\d_lab_otdel.scx>
Œ¡–¿¡Œ“ ¿: <C:\Program Files\Microsoft SQL Server\MSSQL\My Data\Projects\VVK_MIAS\Forms\DOCS\LAB\d_lab_Plazm.SCT>
Œ¡–¿¡Œ“ ¿: <C:\Program Files\Microsoft SQL Server\MSSQL\My Data\Projects\VVK_MIAS\Forms\DOCS\LAB\d_lab_Plazm.scx>
Œ¡–¿¡Œ“ ¿: <C:\Program Files\Microsoft SQL Server\MSSQL\My Data\Projects\VVK_MIAS\Forms\DOCS\LAB\d_lab_skrining.SCT>
Œ¡–¿¡Œ“ ¿: <C:\Program Files\Microsoft SQL Server\MSSQL\My Data\Projects\VVK_MIAS\Forms\DOCS\LAB\d_lab_skrining.scx>
Œ¡–¿¡Œ“ ¿: <C:\Program Files\Microsoft SQL Server\MSSQL\My Data\Projects\VVK_MIAS\Forms\DOCS\LAB\d_lab_sutbelok.SCT>
Œ¡–¿¡Œ“ ¿: <C:\Program Files\Microsoft SQL Server\MSSQL\My Data\Projects\VVK_MIAS\Forms\DOCS\LAB\d_lab_sutbelok.scx>
Œ¡–¿¡Œ“ ¿: <C:\Program Files\Microsoft SQL Server\MSSQL\My Data\Projects\VVK_MIAS\Forms\DOCS\LAB\d_lab_temp.SCT>
Œ¡–¿¡Œ“ ¿: <C:\Program Files\Microsoft SQL Server\MSSQL\My Data\Projects\VVK_MIAS\Forms\DOCS\LAB\d_lab_temp.scx>
Œ¡–¿¡Œ“ ¿: <C:\Program Files\Microsoft SQL Server\MSSQL\My Data\Projects\VVK_MIAS\Forms\DOCS\LAB\d_lab_torm.SCT>
Œ¡–¿¡Œ“ ¿: <C:\Program Files\Microsoft SQL Server\MSSQL\My Data\Projects\VVK_MIAS\Forms\DOCS\LAB\d_lab_torm.scx>
Œ¡–¿¡Œ“ ¿: <C:\Program Files\Microsoft SQL Server\MSSQL\My Data\Projects\VVK_MIAS\Forms\DOCS\LAB\d_lab_tripsin.SCT>
Œ¡–¿¡Œ“ ¿: <C:\Program Files\Microsoft SQL Server\MSSQL\My Data\Projects\VVK_MIAS\Forms\DOCS\LAB\d_lab_tripsin.scx>
Œ¡–¿¡Œ“ ¿: <C:\Program Files\Microsoft SQL Server\MSSQL\My Data\Projects\VVK_MIAS\Forms\DOCS\LAB\d_lab_tshkrov.SCT>
Œ¡–¿¡Œ“ ¿: <C:\Program Files\Microsoft SQL Server\MSSQL\My Data\Projects\VVK_MIAS\Forms\DOCS\LAB\d_lab_tshkrov.scx>
Œ¡–¿¡Œ“ ¿: <C:\Program Files\Microsoft SQL Server\MSSQL\My Data\Projects\VVK_MIAS\Forms\DOCS\LAB\d_lab_tshmocha.SCT>
Œ¡–¿¡Œ“ ¿: <C:\Program Files\Microsoft SQL Server\MSSQL\My Data\Projects\VVK_MIAS\Forms\DOCS\LAB\d_lab_tshmocha.scx>
Œ¡–¿¡Œ“ ¿: <C:\Program Files\Microsoft SQL Server\MSSQL\My Data\Projects\VVK_MIAS\Forms\DOCS\LAB\d_lab_urinolizis.SCT>
Œ¡–¿¡Œ“ ¿: <C:\Program Files\Microsoft SQL Server\MSSQL\My Data\Projects\VVK_MIAS\Forms\DOCS\LAB\d_lab_urinolizis.scx>
Œ¡–¿¡Œ“ ¿: <C:\Program Files\Microsoft SQL Server\MSSQL\My Data\Projects\VVK_MIAS\Forms\DOCS\LAB\d_lab_volchan.SCT>
Œ¡–¿¡Œ“ ¿: <C:\Program Files\Microsoft SQL Server\MSSQL\My Data\Projects\VVK_MIAS\Forms\DOCS\LAB\d_lab_volchan.scx>
Œ¡–¿¡Œ“ ¿: <C:\Program Files\Microsoft SQL Server\MSSQL\My Data\Projects\VVK_MIAS\Forms\DOCS\LAB\d_lab_yaicaglist.SCT>
Œ¡–¿¡Œ“ ¿: <C:\Program Files\Microsoft SQL Server\MSSQL\My Data\Projects\VVK_MIAS\Forms\DOCS\LAB\d_lab_yaicaglist.scx>
Œ¡–¿¡Œ“ ¿: <C:\Program Files\Microsoft SQL Server\MSSQL\My Data\Projects\VVK_MIAS\Forms\DOCS\LAB\d_lab_zimnic.SCT>
Œ¡–¿¡Œ“ ¿: <C:\Program Files\Microsoft SQL Server\MSSQL\My Data\Projects\VVK_MIAS\Forms\DOCS\LAB\d_lab_zimnic.scx>
Œ¡–¿¡Œ“ ¿: <C:\Program Files\Microsoft SQL Server\MSSQL\My Data\Projects\VVK_MIAS\Forms\DOCS\PEDIATR\d_analiznapr.SCT>
Œ¡–¿¡Œ“ ¿: <C:\Program Files\Microsoft SQL Server\MSSQL\My Data\Projects\VVK_MIAS\Forms\DOCS\PEDIATR\d_analiznapr.scx>
Œ¡–¿¡Œ“ ¿: <C:\Program Files\Microsoft SQL Server\MSSQL\My Data\Projects\VVK_MIAS\Forms\DOCS\PEDIATR\d_analizrez.SCT>
Œ¡–¿¡Œ“ ¿: <C:\Program Files\Microsoft SQL Server\MSSQL\My Data\Projects\VVK_MIAS\Forms\DOCS\PEDIATR\d_analizrez.scx>
Œ¡–¿¡Œ“ ¿: <C:\Program Files\Microsoft SQL Server\MSSQL\My Data\Projects\VVK_MIAS\Forms\DOCS\PEDIATR\d_osmotr1mes.SCT>
Œ¡–¿¡Œ“ ¿: <C:\Program Files\Microsoft SQL Server\MSSQL\My Data\Projects\VVK_MIAS\Forms\DOCS\PEDIATR\d_osmotr1mes.scx>
Œ¡–¿¡Œ“ ¿: <C:\Program Files\Microsoft SQL Server\MSSQL\My Data\Projects\VVK_MIAS\Forms\DOCS\PEDIATR\d_osmotr1mes_1.SCT>
Œ¡–¿¡Œ“ ¿: <C:\Program Files\Microsoft SQL Server\MSSQL\My Data\Projects\VVK_MIAS\Forms\DOCS\PEDIATR\d_osmotr1mes_1.scx>
Œ¡–¿¡Œ“ ¿: <C:\Program Files\Microsoft SQL Server\MSSQL\My Data\Projects\VVK_MIAS\Forms\DOCS\PEDIATR\d_osmotr1mes_3.SCT>
Œ¡–¿¡Œ“ ¿: <C:\Program Files\Microsoft SQL Server\MSSQL\My Data\Projects\VVK_MIAS\Forms\DOCS\PEDIATR\d_osmotr1mes_3.scx>
Œ¡–¿¡Œ“ ¿: <C:\Program Files\Microsoft SQL Server\MSSQL\My Data\Projects\VVK_MIAS\Forms\DOCS\PEDIATR\d_specdiagnoz.SCT>
Œ¡–¿¡Œ“ ¿: <C:\Program Files\Microsoft SQL Server\MSSQL\My Data\Projects\VVK_MIAS\Forms\DOCS\PEDIATR\d_specdiagnoz.scx>
Œ¡–¿¡Œ“ ¿: <C:\Program Files\Microsoft SQL Server\MSSQL\My Data\Projects\VVK_MIAS\Forms\DOCS\PEDIATR\d_specnapr.SCT>
Œ¡–¿¡Œ“ ¿: <C:\Program Files\Microsoft SQL Server\MSSQL\My Data\Projects\VVK_MIAS\Forms\DOCS\PEDIATR\d_specnapr.scx>
Œ¡–¿¡Œ“ ¿: <C:\Program Files\Microsoft SQL Server\MSSQL\My Data\Projects\VVK_MIAS\Forms\DOCS\PEDIATR\d_vaccineplan.SCT>
Œ¡–¿¡Œ“ ¿: <C:\Program Files\Microsoft SQL Server\MSSQL\My Data\Projects\VVK_MIAS\Forms\DOCS\PEDIATR\d_vaccineplan.scx>
Œ¡–¿¡Œ“ ¿: <C:\Program Files\Microsoft SQL Server\MSSQL\My Data\Projects\VVK_MIAS\Forms\DOCS\PEDIATR\d_vaccinereactia.SCT>
Œ¡–¿¡Œ“ ¿: <C:\Program Files\Microsoft SQL Server\MSSQL\My Data\Projects\VVK_MIAS\Forms\DOCS\PEDIATR\d_vaccinereactia.scx>
Œ¡–¿¡Œ“ ¿: <C:\Program Files\Microsoft SQL Server\MSSQL\My Data\Projects\VVK_MIAS\Forms\DOCS\PEDIATR\d_vaccinereactia_old.sct>
Œ¡–¿¡Œ“ ¿: <C:\Program Files\Microsoft SQL Server\MSSQL\My Data\Projects\VVK_MIAS\Forms\DOCS\PEDIATR\d_vaccinereactia_old.scx>
Œ¡–¿¡Œ“ ¿: <C:\Program Files\Microsoft SQL Server\MSSQL\My Data\Projects\VVK_MIAS\Forms\help.SCT>
Œ¡–¿¡Œ“ ¿: <C:\Program Files\Microsoft SQL Server\MSSQL\My Data\Projects\VVK_MIAS\Forms\help.scx>
Œ¡–¿¡Œ“ ¿: <C:\Program Files\Microsoft SQL Server\MSSQL\My Data\Projects\VVK_MIAS\Forms\helpedit.SCT>
Œ¡–¿¡Œ“ ¿: <C:\Program Files\Microsoft SQL Server\MSSQL\My Data\Projects\VVK_MIAS\Forms\helpedit.scx>
Œ¡–¿¡Œ“ ¿: <C:\Program Files\Microsoft SQL Server\MSSQL\My Data\Projects\VVK_MIAS\Forms\ju\j_analizators.SCT>
Œ¡–¿¡Œ“ ¿: <C:\Program Files\Microsoft SQL Server\MSSQL\My Data\Projects\VVK_MIAS\Forms\ju\j_analizators.scx>
Œ¡–¿¡Œ“ ¿: <C:\Program Files\Microsoft SQL Server\MSSQL\My Data\Projects\VVK_MIAS\Forms\ju\j_AnalizatorsOptions.SCT>
Œ¡–¿¡Œ“ ¿: <C:\Program Files\Microsoft SQL Server\MSSQL\My Data\Projects\VVK_MIAS\Forms\ju\j_AnalizatorsOptions.scx>
Œ¡–¿¡Œ“ ¿: <C:\Program Files\Microsoft SQL Server\MSSQL\My Data\Projects\VVK_MIAS\Forms\ju\j_analizrez.SCT>
Œ¡–¿¡Œ“ ¿: <C:\Program Files\Microsoft SQL Server\MSSQL\My Data\Projects\VVK_MIAS\Forms\ju\j_analizrez.scx>
Œ¡–¿¡Œ“ ¿: <C:\Program Files\Microsoft SQL Server\MSSQL\My Data\Projects\VVK_MIAS\Forms\ju\j_analizrezoptions.SCT>
Œ¡–¿¡Œ“ ¿: <C:\Program Files\Microsoft SQL Server\MSSQL\My Data\Projects\VVK_MIAS\Forms\ju\j_analizrezoptions.scx>
Œ¡–¿¡Œ“ ¿: <C:\Program Files\Microsoft SQL Server\MSSQL\My Data\Projects\VVK_MIAS\Forms\ju\j_analizsluh.SCT>
Œ¡–¿¡Œ“ ¿: <C:\Program Files\Microsoft SQL Server\MSSQL\My Data\Projects\VVK_MIAS\Forms\ju\j_analizsluh.scx>
Œ¡–¿¡Œ“ ¿: <C:\Program Files\Microsoft SQL Server\MSSQL\My Data\Projects\VVK_MIAS\Forms\ju\j_analizsluhoptions.SCT>
Œ¡–¿¡Œ“ ¿: <C:\Program Files\Microsoft SQL Server\MSSQL\My Data\Projects\VVK_MIAS\Forms\ju\j_analizsluhoptions.scx>
Œ¡–¿¡Œ“ ¿: <C:\Program Files\Microsoft SQL Server\MSSQL\My Data\Projects\VVK_MIAS\Forms\ju\j_analizzrit.SCT>
Œ¡–¿¡Œ“ ¿: <C:\Program Files\Microsoft SQL Server\MSSQL\My Data\Projects\VVK_MIAS\Forms\ju\j_analizzrit.scx>
Œ¡–¿¡Œ“ ¿: <C:\Program Files\Microsoft SQL Server\MSSQL\My Data\Projects\VVK_MIAS\Forms\ju\j_analizzritoptions.SCT>
Œ¡–¿¡Œ“ ¿: <C:\Program Files\Microsoft SQL Server\MSSQL\My Data\Projects\VVK_MIAS\Forms\ju\j_analizzritoptions.scx>
Œ¡–¿¡Œ“ ¿: <C:\Program Files\Microsoft SQL Server\MSSQL\My Data\Projects\VVK_MIAS\Forms\ju\j_chd.SCT>
Œ¡–¿¡Œ“ ¿: <C:\Program Files\Microsoft SQL Server\MSSQL\My Data\Projects\VVK_MIAS\Forms\ju\j_chd.scx>
Œ¡–¿¡Œ“ ¿: <C:\Program Files\Microsoft SQL Server\MSSQL\My Data\Projects\VVK_MIAS\Forms\ju\j_chdoptions.SCT>
Œ¡–¿¡Œ“ ¿: <C:\Program Files\Microsoft SQL Server\MSSQL\My Data\Projects\VVK_MIAS\Forms\ju\j_chdoptions.scx>
Œ¡–¿¡Œ“ ¿: <C:\Program Files\Microsoft SQL Server\MSSQL\My Data\Projects\VVK_MIAS\Forms\ju\j_chss.SCT>
Œ¡–¿¡Œ“ ¿: <C:\Program Files\Microsoft SQL Server\MSSQL\My Data\Projects\VVK_MIAS\Forms\ju\j_chss.scx>
Œ¡–¿¡Œ“ ¿: <C:\Program Files\Microsoft SQL Server\MSSQL\My Data\Projects\VVK_MIAS\Forms\ju\j_chssoptions.SCT>
Œ¡–¿¡Œ“ ¿: <C:\Program Files\Microsoft SQL Server\MSSQL\My Data\Projects\VVK_MIAS\Forms\ju\j_chssoptions.scx>
Œ¡–¿¡Œ“ ¿: <C:\Program Files\Microsoft SQL Server\MSSQL\My Data\Projects\VVK_MIAS\Forms\ju\j_diagnoz.SCT>
Œ¡–¿¡Œ“ ¿: <C:\Program Files\Microsoft SQL Server\MSSQL\My Data\Projects\VVK_MIAS\Forms\ju\j_diagnoz.scx>
Œ¡–¿¡Œ“ ¿: <C:\Program Files\Microsoft SQL Server\MSSQL\My Data\Projects\VVK_MIAS\Forms\ju\j_diagnozoptions.SCT>
Œ¡–¿¡Œ“ ¿: <C:\Program Files\Microsoft SQL Server\MSSQL\My Data\Projects\VVK_MIAS\Forms\ju\j_diagnozoptions.scx>
Œ¡–¿¡Œ“ ¿: <C:\Program Files\Microsoft SQL Server\MSSQL\My Data\Projects\VVK_MIAS\Forms\ju\j_doc.SCT>
Œ¡–¿¡Œ“ ¿: <C:\Program Files\Microsoft SQL Server\MSSQL\My Data\Projects\VVK_MIAS\Forms\ju\j_doc.scx>
Œ¡–¿¡Œ“ ¿: <C:\Program Files\Microsoft SQL Server\MSSQL\My Data\Projects\VVK_MIAS\Forms\ju\j_docoptions.SCT>
Œ¡–¿¡Œ“ ¿: <C:\Program Files\Microsoft SQL Server\MSSQL\My Data\Projects\VVK_MIAS\Forms\ju\j_docoptions.scx>
Œ¡–¿¡Œ“ ¿: <C:\Program Files\Microsoft SQL Server\MSSQL\My Data\Projects\VVK_MIAS\Forms\ju\j_dviob.SCT>
Œ¡–¿¡Œ“ ¿: <C:\Program Files\Microsoft SQL Server\MSSQL\My Data\Projects\VVK_MIAS\Forms\ju\j_dviob.scx>
Œ¡–¿¡Œ“ ¿: <C:\Program Files\Microsoft SQL Server\MSSQL\My Data\Projects\VVK_MIAS\Forms\ju\j_dvioboptions.SCT>
Œ¡–¿¡Œ“ ¿: <C:\Program Files\Microsoft SQL Server\MSSQL\My Data\Projects\VVK_MIAS\Forms\ju\j_dvioboptions.scx>
Œ¡–¿¡Œ“ ¿: <C:\Program Files\Microsoft SQL Server\MSSQL\My Data\Projects\VVK_MIAS\Forms\ju\j_emocii.SCT>
Œ¡–¿¡Œ“ ¿: <C:\Program Files\Microsoft SQL Server\MSSQL\My Data\Projects\VVK_MIAS\Forms\ju\j_emocii.scx>
Œ¡–¿¡Œ“ ¿: <C:\Program Files\Microsoft SQL Server\MSSQL\My Data\Projects\VVK_MIAS\Forms\ju\j_emociioptions.SCT>
Œ¡–¿¡Œ“ ¿: <C:\Program Files\Microsoft SQL Server\MSSQL\My Data\Projects\VVK_MIAS\Forms\ju\j_emociioptions.scx>
Œ¡–¿¡Œ“ ¿: <C:\Program Files\Microsoft SQL Server\MSSQL\My Data\Projects\VVK_MIAS\Forms\ju\j_fiz.SCT>
Œ¡–¿¡Œ“ ¿: <C:\Program Files\Microsoft SQL Server\MSSQL\My Data\Projects\VVK_MIAS\Forms\ju\j_fiz.scx>
Œ¡–¿¡Œ“ ¿: <C:\Program Files\Microsoft SQL Server\MSSQL\My Data\Projects\VVK_MIAS\Forms\ju\j_fizoptions.SCT>
Œ¡–¿¡Œ“ ¿: <C:\Program Files\Microsoft SQL Server\MSSQL\My Data\Projects\VVK_MIAS\Forms\ju\j_fizoptions.scx>
Œ¡–¿¡Œ“ ¿: <C:\Program Files\Microsoft SQL Server\MSSQL\My Data\Projects\VVK_MIAS\Forms\ju\j_fizrazv.SCT>
Œ¡–¿¡Œ“ ¿: <C:\Program Files\Microsoft SQL Server\MSSQL\My Data\Projects\VVK_MIAS\Forms\ju\j_fizrazv.scx>
Œ¡–¿¡Œ“ ¿: <C:\Program Files\Microsoft SQL Server\MSSQL\My Data\Projects\VVK_MIAS\Forms\ju\j_fizrazvoptions.SCT>
Œ¡–¿¡Œ“ ¿: <C:\Program Files\Microsoft SQL Server\MSSQL\My Data\Projects\VVK_MIAS\Forms\ju\j_fizrazvoptions.scx>
Œ¡–¿¡Œ“ ¿: <C:\Program Files\Microsoft SQL Server\MSSQL\My Data\Projects\VVK_MIAS\Forms\ju\j_fizvozd.SCT>
Œ¡–¿¡Œ“ ¿: <C:\Program Files\Microsoft SQL Server\MSSQL\My Data\Projects\VVK_MIAS\Forms\ju\j_fizvozd.scx>
Œ¡–¿¡Œ“ ¿: <C:\Program Files\Microsoft SQL Server\MSSQL\My Data\Projects\VVK_MIAS\Forms\ju\j_fizvozdoptions.SCT>
Œ¡–¿¡Œ“ ¿: <C:\Program Files\Microsoft SQL Server\MSSQL\My Data\Projects\VVK_MIAS\Forms\ju\j_fizvozdoptions.scx>
Œ¡–¿¡Œ“ ¿: <C:\Program Files\Microsoft SQL Server\MSSQL\My Data\Projects\VVK_MIAS\Forms\ju\j_grupzdor.SCT>
Œ¡–¿¡Œ“ ¿: <C:\Program Files\Microsoft SQL Server\MSSQL\My Data\Projects\VVK_MIAS\Forms\ju\j_grupzdor.scx>
Œ¡–¿¡Œ“ ¿: <C:\Program Files\Microsoft SQL Server\MSSQL\My Data\Projects\VVK_MIAS\Forms\ju\j_grupzdoroptions.SCT>
Œ¡–¿¡Œ“ ¿: <C:\Program Files\Microsoft SQL Server\MSSQL\My Data\Projects\VVK_MIAS\Forms\ju\j_grupzdoroptions.scx>
Œ¡–¿¡Œ“ ¿: <C:\Program Files\Microsoft SQL Server\MSSQL\My Data\Projects\VVK_MIAS\Forms\ju\j_jalob.SCT>
Œ¡–¿¡Œ“ ¿: <C:\Program Files\Microsoft SQL Server\MSSQL\My Data\Projects\VVK_MIAS\Forms\ju\j_jalob.scx>
Œ¡–¿¡Œ“ ¿: <C:\Program Files\Microsoft SQL Server\MSSQL\My Data\Projects\VVK_MIAS\Forms\ju\j_jaloboptions.SCT>
Œ¡–¿¡Œ“ ¿: <C:\Program Files\Microsoft SQL Server\MSSQL\My Data\Projects\VVK_MIAS\Forms\ju\j_jaloboptions.scx>
Œ¡–¿¡Œ“ ¿: <C:\Program Files\Microsoft SQL Server\MSSQL\My Data\Projects\VVK_MIAS\Forms\ju\j_lactacia.SCT>
Œ¡–¿¡Œ“ ¿: <C:\Program Files\Microsoft SQL Server\MSSQL\My Data\Projects\VVK_MIAS\Forms\ju\j_lactacia.scx>
Œ¡–¿¡Œ“ ¿: <C:\Program Files\Microsoft SQL Server\MSSQL\My Data\Projects\VVK_MIAS\Forms\ju\j_lactaciaoptions.SCT>
Œ¡–¿¡Œ“ ¿: <C:\Program Files\Microsoft SQL Server\MSSQL\My Data\Projects\VVK_MIAS\Forms\ju\j_lactaciaoptions.scx>
Œ¡–¿¡Œ“ ¿: <C:\Program Files\Microsoft SQL Server\MSSQL\My Data\Projects\VVK_MIAS\Forms\ju\j_npr.SCT>
Œ¡–¿¡Œ“ ¿: <C:\Program Files\Microsoft SQL Server\MSSQL\My Data\Projects\VVK_MIAS\Forms\ju\j_npr.scx>
Œ¡–¿¡Œ“ ¿: <C:\Program Files\Microsoft SQL Server\MSSQL\My Data\Projects\VVK_MIAS\Forms\ju\j_nproptions.SCT>
Œ¡–¿¡Œ“ ¿: <C:\Program Files\Microsoft SQL Server\MSSQL\My Data\Projects\VVK_MIAS\Forms\ju\j_nproptions.scx>
Œ¡–¿¡Œ“ ¿: <C:\Program Files\Microsoft SQL Server\MSSQL\My Data\Projects\VVK_MIAS\Forms\ju\j_objectosmotr.SCT>
Œ¡–¿¡Œ“ ¿: <C:\Program Files\Microsoft SQL Server\MSSQL\My Data\Projects\VVK_MIAS\Forms\ju\j_objectosmotr.scx>
Œ¡–¿¡Œ“ ¿: <C:\Program Files\Microsoft SQL Server\MSSQL\My Data\Projects\VVK_MIAS\Forms\ju\j_objectosmotroptions.SCT>
Œ¡–¿¡Œ“ ¿: <C:\Program Files\Microsoft SQL Server\MSSQL\My Data\Projects\VVK_MIAS\Forms\ju\j_objectosmotroptions.scx>
Œ¡–¿¡Œ“ ¿: <C:\Program Files\Microsoft SQL Server\MSSQL\My Data\Projects\VVK_MIAS\Forms\ju\j_ocenkarodit.SCT>
Œ¡–¿¡Œ“ ¿: <C:\Program Files\Microsoft SQL Server\MSSQL\My Data\Projects\VVK_MIAS\Forms\ju\j_ocenkarodit.scx>
Œ¡–¿¡Œ“ ¿: <C:\Program Files\Microsoft SQL Server\MSSQL\My Data\Projects\VVK_MIAS\Forms\ju\j_ocenkaroditoptions.SCT>
Œ¡–¿¡Œ“ ¿: <C:\Program Files\Microsoft SQL Server\MSSQL\My Data\Projects\VVK_MIAS\Forms\ju\j_ocenkaroditoptions.scx>
Œ¡–¿¡Œ“ ¿: <C:\Program Files\Microsoft SQL Server\MSSQL\My Data\Projects\VVK_MIAS\Forms\ju\j_pitanie.SCT>
Œ¡–¿¡Œ“ ¿: <C:\Program Files\Microsoft SQL Server\MSSQL\My Data\Projects\VVK_MIAS\Forms\ju\j_pitanie.scx>
Œ¡–¿¡Œ“ ¿: <C:\Program Files\Microsoft SQL Server\MSSQL\My Data\Projects\VVK_MIAS\Forms\ju\j_pitanie1.SCT>
Œ¡–¿¡Œ“ ¿: <C:\Program Files\Microsoft SQL Server\MSSQL\My Data\Projects\VVK_MIAS\Forms\ju\j_pitanie1.scx>
Œ¡–¿¡Œ“ ¿: <C:\Program Files\Microsoft SQL Server\MSSQL\My Data\Projects\VVK_MIAS\Forms\ju\j_pitanie1options.SCT>
Œ¡–¿¡Œ“ ¿: <C:\Program Files\Microsoft SQL Server\MSSQL\My Data\Projects\VVK_MIAS\Forms\ju\j_pitanie1options.scx>
Œ¡–¿¡Œ“ ¿: <C:\Program Files\Microsoft SQL Server\MSSQL\My Data\Projects\VVK_MIAS\Forms\ju\j_pitanieoptions.SCT>
Œ¡–¿¡Œ“ ¿: <C:\Program Files\Microsoft SQL Server\MSSQL\My Data\Projects\VVK_MIAS\Forms\ju\j_pitanieoptions.scx>
Œ¡–¿¡Œ“ ¿: <C:\Program Files\Microsoft SQL Server\MSSQL\My Data\Projects\VVK_MIAS\Forms\ju\j_pps.SCT>
Œ¡–¿¡Œ“ ¿: <C:\Program Files\Microsoft SQL Server\MSSQL\My Data\Projects\VVK_MIAS\Forms\ju\j_pps.scx>
Œ¡–¿¡Œ“ ¿: <C:\Program Files\Microsoft SQL Server\MSSQL\My Data\Projects\VVK_MIAS\Forms\ju\j_ppsoptions.SCT>
Œ¡–¿¡Œ“ ¿: <C:\Program Files\Microsoft SQL Server\MSSQL\My Data\Projects\VVK_MIAS\Forms\ju\j_ppsoptions.scx>
Œ¡–¿¡Œ“ ¿: <C:\Program Files\Microsoft SQL Server\MSSQL\My Data\Projects\VVK_MIAS\Forms\ju\j_prichina.SCT>
Œ¡–¿¡Œ“ ¿: <C:\Program Files\Microsoft SQL Server\MSSQL\My Data\Projects\VVK_MIAS\Forms\ju\j_prichina.scx>
Œ¡–¿¡Œ“ ¿: <C:\Program Files\Microsoft SQL Server\MSSQL\My Data\Projects\VVK_MIAS\Forms\ju\j_prichinaoptions.SCT>
Œ¡–¿¡Œ“ ¿: <C:\Program Files\Microsoft SQL Server\MSSQL\My Data\Projects\VVK_MIAS\Forms\ju\j_prichinaoptions.scx>
Œ¡–¿¡Œ“ ¿: <C:\Program Files\Microsoft SQL Server\MSSQL\My Data\Projects\VVK_MIAS\Forms\ju\j_prilochen.SCT>
Œ¡–¿¡Œ“ ¿: <C:\Program Files\Microsoft SQL Server\MSSQL\My Data\Projects\VVK_MIAS\Forms\ju\j_prilochen.scx>
Œ¡–¿¡Œ“ ¿: <C:\Program Files\Microsoft SQL Server\MSSQL\My Data\Projects\VVK_MIAS\Forms\ju\j_prilochenoptions.SCT>
Œ¡–¿¡Œ“ ¿: <C:\Program Files\Microsoft SQL Server\MSSQL\My Data\Projects\VVK_MIAS\Forms\ju\j_prilochenoptions.scx>
Œ¡–¿¡Œ“ ¿: <C:\Program Files\Microsoft SQL Server\MSSQL\My Data\Projects\VVK_MIAS\Forms\ju\j_rahit.SCT>
Œ¡–¿¡Œ“ ¿: <C:\Program Files\Microsoft SQL Server\MSSQL\My Data\Projects\VVK_MIAS\Forms\ju\j_rahit.scx>
Œ¡–¿¡Œ“ ¿: <C:\Program Files\Microsoft SQL Server\MSSQL\My Data\Projects\VVK_MIAS\Forms\ju\j_rahitoptions.SCT>
Œ¡–¿¡Œ“ ¿: <C:\Program Files\Microsoft SQL Server\MSSQL\My Data\Projects\VVK_MIAS\Forms\ju\j_rahitoptions.scx>
Œ¡–¿¡Œ“ ¿: <C:\Program Files\Microsoft SQL Server\MSSQL\My Data\Projects\VVK_MIAS\Forms\ju\j_riski.SCT>
Œ¡–¿¡Œ“ ¿: <C:\Program Files\Microsoft SQL Server\MSSQL\My Data\Projects\VVK_MIAS\Forms\ju\j_riski.scx>
Œ¡–¿¡Œ“ ¿: <C:\Program Files\Microsoft SQL Server\MSSQL\My Data\Projects\VVK_MIAS\Forms\ju\j_riskioptions.SCT>
Œ¡–¿¡Œ“ ¿: <C:\Program Files\Microsoft SQL Server\MSSQL\My Data\Projects\VVK_MIAS\Forms\ju\j_riskioptions.scx>
Œ¡–¿¡Œ“ ¿: <C:\Program Files\Microsoft SQL Server\MSSQL\My Data\Projects\VVK_MIAS\Forms\ju\j_rodnik.SCT>
Œ¡–¿¡Œ“ ¿: <C:\Program Files\Microsoft SQL Server\MSSQL\My Data\Projects\VVK_MIAS\Forms\ju\j_rodnik.scx>
Œ¡–¿¡Œ“ ¿: <C:\Program Files\Microsoft SQL Server\MSSQL\My Data\Projects\VVK_MIAS\Forms\ju\j_rodnikoptions.SCT>
Œ¡–¿¡Œ“ ¿: <C:\Program Files\Microsoft SQL Server\MSSQL\My Data\Projects\VVK_MIAS\Forms\ju\j_rodnikoptions.scx>
Œ¡–¿¡Œ“ ¿: <C:\Program Files\Microsoft SQL Server\MSSQL\My Data\Projects\VVK_MIAS\Forms\ju\j_soset.SCT>
Œ¡–¿¡Œ“ ¿: <C:\Program Files\Microsoft SQL Server\MSSQL\My Data\Projects\VVK_MIAS\Forms\ju\j_soset.scx>
Œ¡–¿¡Œ“ ¿: <C:\Program Files\Microsoft SQL Server\MSSQL\My Data\Projects\VVK_MIAS\Forms\ju\j_sosetoptions.SCT>
Œ¡–¿¡Œ“ ¿: <C:\Program Files\Microsoft SQL Server\MSSQL\My Data\Projects\VVK_MIAS\Forms\ju\j_sosetoptions.scx>
Œ¡–¿¡Œ“ ¿: <C:\Program Files\Microsoft SQL Server\MSSQL\My Data\Projects\VVK_MIAS\Forms\ju\j_sost1.SCT>
Œ¡–¿¡Œ“ ¿: <C:\Program Files\Microsoft SQL Server\MSSQL\My Data\Projects\VVK_MIAS\Forms\ju\j_sost1.scx>
Œ¡–¿¡Œ“ ¿: <C:\Program Files\Microsoft SQL Server\MSSQL\My Data\Projects\VVK_MIAS\Forms\ju\j_sost1options.SCT>
Œ¡–¿¡Œ“ ¿: <C:\Program Files\Microsoft SQL Server\MSSQL\My Data\Projects\VVK_MIAS\Forms\ju\j_sost1options.scx>
Œ¡–¿¡Œ“ ¿: <C:\Program Files\Microsoft SQL Server\MSSQL\My Data\Projects\VVK_MIAS\Forms\ju\j_temper.SCT>
Œ¡–¿¡Œ“ ¿: <C:\Program Files\Microsoft SQL Server\MSSQL\My Data\Projects\VVK_MIAS\Forms\ju\j_temper.scx>
Œ¡–¿¡Œ“ ¿: <C:\Program Files\Microsoft SQL Server\MSSQL\My Data\Projects\VVK_MIAS\Forms\ju\j_temperoptions.SCT>
Œ¡–¿¡Œ“ ¿: <C:\Program Files\Microsoft SQL Server\MSSQL\My Data\Projects\VVK_MIAS\Forms\ju\j_temperoptions.scx>
Œ¡–¿¡Œ“ ¿: <C:\Program Files\Microsoft SQL Server\MSSQL\My Data\Projects\VVK_MIAS\Forms\ju\j_vaccinereactia.SCT>
Œ¡–¿¡Œ“ ¿: <C:\Program Files\Microsoft SQL Server\MSSQL\My Data\Projects\VVK_MIAS\Forms\ju\j_vaccinereactia.scx>
Œ¡–¿¡Œ“ ¿: <C:\Program Files\Microsoft SQL Server\MSSQL\My Data\Projects\VVK_MIAS\Forms\ju\j_vaccinereactiaoptions.SCT>
Œ¡–¿¡Œ“ ¿: <C:\Program Files\Microsoft SQL Server\MSSQL\My Data\Projects\VVK_MIAS\Forms\ju\j_vaccinereactiaoptions.scx>
Œ¡–¿¡Œ“ ¿: <C:\Program Files\Microsoft SQL Server\MSSQL\My Data\Projects\VVK_MIAS\Forms\ju\j_vskarmlivanie.SCT>
Œ¡–¿¡Œ“ ¿: <C:\Program Files\Microsoft SQL Server\MSSQL\My Data\Projects\VVK_MIAS\Forms\ju\j_vskarmlivanie.scx>
Œ¡–¿¡Œ“ ¿: <C:\Program Files\Microsoft SQL Server\MSSQL\My Data\Projects\VVK_MIAS\Forms\ju\j_vskarmlivanieoptions.SCT>
Œ¡–¿¡Œ“ ¿: <C:\Program Files\Microsoft SQL Server\MSSQL\My Data\Projects\VVK_MIAS\Forms\ju\j_vskarmlivanieoptions.scx>
Œ¡–¿¡Œ“ ¿: <C:\Program Files\Microsoft SQL Server\MSSQL\My Data\Projects\VVK_MIAS\Forms\ju\j_vv.SCT>
Œ¡–¿¡Œ“ ¿: <C:\Program Files\Microsoft SQL Server\MSSQL\My Data\Projects\VVK_MIAS\Forms\ju\j_vv.scx>
Œ¡–¿¡Œ“ ¿: <C:\Program Files\Microsoft SQL Server\MSSQL\My Data\Projects\VVK_MIAS\Forms\ju\j_vvoptions.SCT>
Œ¡–¿¡Œ“ ¿: <C:\Program Files\Microsoft SQL Server\MSSQL\My Data\Projects\VVK_MIAS\Forms\ju\j_vvoptions.scx>
Œ¡–¿¡Œ“ ¿: <C:\Program Files\Microsoft SQL Server\MSSQL\My Data\Projects\VVK_MIAS\Forms\message.SCT>
Œ¡–¿¡Œ“ ¿: <C:\Program Files\Microsoft SQL Server\MSSQL\My Data\Projects\VVK_MIAS\Forms\message.scx>
Œ¡–¿¡Œ“ ¿: <C:\Program Files\Microsoft SQL Server\MSSQL\My Data\Projects\VVK_MIAS\Forms\messfind.SCT>
Œ¡–¿¡Œ“ ¿: <C:\Program Files\Microsoft SQL Server\MSSQL\My Data\Projects\VVK_MIAS\Forms\messfind.scx>
Œ¡–¿¡Œ“ ¿: <C:\Program Files\Microsoft SQL Server\MSSQL\My Data\Projects\VVK_MIAS\Forms\OTHER\u_labnazn.SCT>
Œ¡–¿¡Œ“ ¿: <C:\Program Files\Microsoft SQL Server\MSSQL\My Data\Projects\VVK_MIAS\Forms\OTHER\u_labnazn.scx>
Œ¡–¿¡Œ“ ¿: <C:\Program Files\Microsoft SQL Server\MSSQL\My Data\Projects\VVK_MIAS\Forms\OTHER\u_labnaznoptions.SCT>
Œ¡–¿¡Œ“ ¿: <C:\Program Files\Microsoft SQL Server\MSSQL\My Data\Projects\VVK_MIAS\Forms\OTHER\u_labnaznoptions.scx>
Œ¡–¿¡Œ“ ¿: <C:\Program Files\Microsoft SQL Server\MSSQL\My Data\Projects\VVK_MIAS\Forms\OTHER\u_raspisanie.SCT>
Œ¡–¿¡Œ“ ¿: <C:\Program Files\Microsoft SQL Server\MSSQL\My Data\Projects\VVK_MIAS\Forms\OTHER\u_raspisanie.scx>
Œ¡–¿¡Œ“ ¿: <C:\Program Files\Microsoft SQL Server\MSSQL\My Data\Projects\VVK_MIAS\Forms\OTHER\u_raspisanieoptions.SCT>
Œ¡–¿¡Œ“ ¿: <C:\Program Files\Microsoft SQL Server\MSSQL\My Data\Projects\VVK_MIAS\Forms\OTHER\u_raspisanieoptions.scx>
Œ¡–¿¡Œ“ ¿: <C:\Program Files\Microsoft SQL Server\MSSQL\My Data\Projects\VVK_MIAS\Forms\OTHER\u_soc_anamnez.SCT>
Œ¡–¿¡Œ“ ¿: <C:\Program Files\Microsoft SQL Server\MSSQL\My Data\Projects\VVK_MIAS\Forms\OTHER\u_soc_anamnez.scx>
Œ¡–¿¡Œ“ ¿: <C:\Program Files\Microsoft SQL Server\MSSQL\My Data\Projects\VVK_MIAS\Forms\registration.SCT>
Œ¡–¿¡Œ“ ¿: <C:\Program Files\Microsoft SQL Server\MSSQL\My Data\Projects\VVK_MIAS\Forms\registration.scx>
Œ¡–¿¡Œ“ ¿: <C:\Program Files\Microsoft SQL Server\MSSQL\My Data\Projects\VVK_MIAS\Forms\Reports\r_vaccine_forma5.SCT>
Œ¡–¿¡Œ“ ¿: <C:\Program Files\Microsoft SQL Server\MSSQL\My Data\Projects\VVK_MIAS\Forms\Reports\r_vaccine_forma5.scx>
Œ¡–¿¡Œ“ ¿: <C:\Program Files\Microsoft SQL Server\MSSQL\My Data\Projects\VVK_MIAS\Forms\Reports\r_vaccine_forma5_options.SCT>
Œ¡–¿¡Œ“ ¿: <C:\Program Files\Microsoft SQL Server\MSSQL\My Data\Projects\VVK_MIAS\Forms\Reports\r_vaccine_forma5_options.scx>
Œ¡–¿¡Œ“ ¿: <C:\Program Files\Microsoft SQL Server\MSSQL\My Data\Projects\VVK_MIAS\Forms\Reports\r_vaccine_forma6.SCT>
Œ¡–¿¡Œ“ ¿: <C:\Program Files\Microsoft SQL Server\MSSQL\My Data\Projects\VVK_MIAS\Forms\Reports\r_vaccine_forma6.scx>
Œ¡–¿¡Œ“ ¿: <C:\Program Files\Microsoft SQL Server\MSSQL\My Data\Projects\VVK_MIAS\Forms\Reports\r_vaccine_forma6_options.SCT>
Œ¡–¿¡Œ“ ¿: <C:\Program Files\Microsoft SQL Server\MSSQL\My Data\Projects\VVK_MIAS\Forms\Reports\r_vaccine_forma6_options.scx>
Œ¡–¿¡Œ“ ¿: <C:\Program Files\Microsoft SQL Server\MSSQL\My Data\Projects\VVK_MIAS\Forms\SPR\Common_Choice_Spr_Catalog.SCT>
Œ¡–¿¡Œ“ ¿: <C:\Program Files\Microsoft SQL Server\MSSQL\My Data\Projects\VVK_MIAS\Forms\SPR\Common_Choice_Spr_Catalog.scx>
Œ¡–¿¡Œ“ ¿: <C:\Program Files\Microsoft SQL Server\MSSQL\My Data\Projects\VVK_MIAS\Forms\SPR\s_adrescity.SCT>
Œ¡–¿¡Œ“ ¿: <C:\Program Files\Microsoft SQL Server\MSSQL\My Data\Projects\VVK_MIAS\Forms\SPR\s_adrescity.scx>
Œ¡–¿¡Œ“ ¿: <C:\Program Files\Microsoft SQL Server\MSSQL\My Data\Projects\VVK_MIAS\Forms\SPR\s_adrescityedit.SCT>
Œ¡–¿¡Œ“ ¿: <C:\Program Files\Microsoft SQL Server\MSSQL\My Data\Projects\VVK_MIAS\Forms\SPR\s_adrescityedit.scx>
Œ¡–¿¡Œ“ ¿: <C:\Program Files\Microsoft SQL Server\MSSQL\My Data\Projects\VVK_MIAS\Forms\SPR\s_adrescountry.sct>
Œ¡–¿¡Œ“ ¿: <C:\Program Files\Microsoft SQL Server\MSSQL\My Data\Projects\VVK_MIAS\Forms\SPR\s_adrescountry.scx>
Œ¡–¿¡Œ“ ¿: <C:\Program Files\Microsoft SQL Server\MSSQL\My Data\Projects\VVK_MIAS\Forms\SPR\s_adrescountryedit.SCT>
Œ¡–¿¡Œ“ ¿: <C:\Program Files\Microsoft SQL Server\MSSQL\My Data\Projects\VVK_MIAS\Forms\SPR\s_adrescountryedit.scx>
Œ¡–¿¡Œ“ ¿: <C:\Program Files\Microsoft SQL Server\MSSQL\My Data\Projects\VVK_MIAS\Forms\SPR\s_adresraion.SCT>
Œ¡–¿¡Œ“ ¿: <C:\Program Files\Microsoft SQL Server\MSSQL\My Data\Projects\VVK_MIAS\Forms\SPR\s_adresraion.scx>
Œ¡–¿¡Œ“ ¿: <C:\Program Files\Microsoft SQL Server\MSSQL\My Data\Projects\VVK_MIAS\Forms\SPR\s_adresraionedit.SCT>
Œ¡–¿¡Œ“ ¿: <C:\Program Files\Microsoft SQL Server\MSSQL\My Data\Projects\VVK_MIAS\Forms\SPR\s_adresraionedit.scx>
Œ¡–¿¡Œ“ ¿: <C:\Program Files\Microsoft SQL Server\MSSQL\My Data\Projects\VVK_MIAS\Forms\SPR\s_adresregion.SCT>
Œ¡–¿¡Œ“ ¿: <C:\Program Files\Microsoft SQL Server\MSSQL\My Data\Projects\VVK_MIAS\Forms\SPR\s_adresregion.scx>
Œ¡–¿¡Œ“ ¿: <C:\Program Files\Microsoft SQL Server\MSSQL\My Data\Projects\VVK_MIAS\Forms\SPR\s_adresregionedit.SCT>
Œ¡–¿¡Œ“ ¿: <C:\Program Files\Microsoft SQL Server\MSSQL\My Data\Projects\VVK_MIAS\Forms\SPR\s_adresregionedit.scx>
Œ¡–¿¡Œ“ ¿: <C:\Program Files\Microsoft SQL Server\MSSQL\My Data\Projects\VVK_MIAS\Forms\SPR\s_adresstreet.SCT>
Œ¡–¿¡Œ“ ¿: <C:\Program Files\Microsoft SQL Server\MSSQL\My Data\Projects\VVK_MIAS\Forms\SPR\s_adresstreet.scx>
Œ¡–¿¡Œ“ ¿: <C:\Program Files\Microsoft SQL Server\MSSQL\My Data\Projects\VVK_MIAS\Forms\SPR\s_adresstreetedit.SCT>
Œ¡–¿¡Œ“ ¿: <C:\Program Files\Microsoft SQL Server\MSSQL\My Data\Projects\VVK_MIAS\Forms\SPR\s_adresstreetedit.scx>
Œ¡–¿¡Œ“ ¿: <C:\Program Files\Microsoft SQL Server\MSSQL\My Data\Projects\VVK_MIAS\Forms\SPR\s_analiz.SCT>
Œ¡–¿¡Œ“ ¿: <C:\Program Files\Microsoft SQL Server\MSSQL\My Data\Projects\VVK_MIAS\Forms\SPR\s_analiz.scx>
Œ¡–¿¡Œ“ ¿: <C:\Program Files\Microsoft SQL Server\MSSQL\My Data\Projects\VVK_MIAS\Forms\SPR\s_analizedit.SCT>
Œ¡–¿¡Œ“ ¿: <C:\Program Files\Microsoft SQL Server\MSSQL\My Data\Projects\VVK_MIAS\Forms\SPR\s_analizedit.scx>
Œ¡–¿¡Œ“ ¿: <C:\Program Files\Microsoft SQL Server\MSSQL\My Data\Projects\VVK_MIAS\Forms\SPR\s_analizrez.SCT>
Œ¡–¿¡Œ“ ¿: <C:\Program Files\Microsoft SQL Server\MSSQL\My Data\Projects\VVK_MIAS\Forms\SPR\s_analizrez.scx>
Œ¡–¿¡Œ“ ¿: <C:\Program Files\Microsoft SQL Server\MSSQL\My Data\Projects\VVK_MIAS\Forms\SPR\s_analizrezedit.SCT>
Œ¡–¿¡Œ“ ¿: <C:\Program Files\Microsoft SQL Server\MSSQL\My Data\Projects\VVK_MIAS\Forms\SPR\s_analizrezedit.scx>
Œ¡–¿¡Œ“ ¿: <C:\Program Files\Microsoft SQL Server\MSSQL\My Data\Projects\VVK_MIAS\Forms\SPR\s_blankexcel.SCT>
Œ¡–¿¡Œ“ ¿: <C:\Program Files\Microsoft SQL Server\MSSQL\My Data\Projects\VVK_MIAS\Forms\SPR\s_blankexcel.scx>
Œ¡–¿¡Œ“ ¿: <C:\Program Files\Microsoft SQL Server\MSSQL\My Data\Projects\VVK_MIAS\Forms\SPR\s_blankexceledit.SCT>
Œ¡–¿¡Œ“ ¿: <C:\Program Files\Microsoft SQL Server\MSSQL\My Data\Projects\VVK_MIAS\Forms\SPR\s_blankexceledit.scx>
Œ¡–¿¡Œ“ ¿: <C:\Program Files\Microsoft SQL Server\MSSQL\My Data\Projects\VVK_MIAS\Forms\SPR\s_cel.SCT>
Œ¡–¿¡Œ“ ¿: <C:\Program Files\Microsoft SQL Server\MSSQL\My Data\Projects\VVK_MIAS\Forms\SPR\s_cel.scx>
Œ¡–¿¡Œ“ ¿: <C:\Program Files\Microsoft SQL Server\MSSQL\My Data\Projects\VVK_MIAS\Forms\SPR\s_celedit.SCT>
Œ¡–¿¡Œ“ ¿: <C:\Program Files\Microsoft SQL Server\MSSQL\My Data\Projects\VVK_MIAS\Forms\SPR\s_celedit.scx>
Œ¡–¿¡Œ“ ¿: <C:\Program Files\Microsoft SQL Server\MSSQL\My Data\Projects\VVK_MIAS\Forms\SPR\s_centil.SCT>
Œ¡–¿¡Œ“ ¿: <C:\Program Files\Microsoft SQL Server\MSSQL\My Data\Projects\VVK_MIAS\Forms\SPR\s_centil.scx>
Œ¡–¿¡Œ“ ¿: <C:\Program Files\Microsoft SQL Server\MSSQL\My Data\Projects\VVK_MIAS\Forms\SPR\s_centiledit.SCT>
Œ¡–¿¡Œ“ ¿: <C:\Program Files\Microsoft SQL Server\MSSQL\My Data\Projects\VVK_MIAS\Forms\SPR\s_centiledit.scx>
Œ¡–¿¡Œ“ ¿: <C:\Program Files\Microsoft SQL Server\MSSQL\My Data\Projects\VVK_MIAS\Forms\SPR\s_dol.SCT>
Œ¡–¿¡Œ“ ¿: <C:\Program Files\Microsoft SQL Server\MSSQL\My Data\Projects\VVK_MIAS\Forms\SPR\s_dol.scx>
Œ¡–¿¡Œ“ ¿: <C:\Program Files\Microsoft SQL Server\MSSQL\My Data\Projects\VVK_MIAS\Forms\SPR\s_doledit.SCT>
Œ¡–¿¡Œ“ ¿: <C:\Program Files\Microsoft SQL Server\MSSQL\My Data\Projects\VVK_MIAS\Forms\SPR\s_doledit.scx>
Œ¡–¿¡Œ“ ¿: <C:\Program Files\Microsoft SQL Server\MSSQL\My Data\Projects\VVK_MIAS\Forms\SPR\s_edizm.SCT>
Œ¡–¿¡Œ“ ¿: <C:\Program Files\Microsoft SQL Server\MSSQL\My Data\Projects\VVK_MIAS\Forms\SPR\s_edizm.scx>
Œ¡–¿¡Œ“ ¿: <C:\Program Files\Microsoft SQL Server\MSSQL\My Data\Projects\VVK_MIAS\Forms\SPR\s_edizmedit.SCT>
Œ¡–¿¡Œ“ ¿: <C:\Program Files\Microsoft SQL Server\MSSQL\My Data\Projects\VVK_MIAS\Forms\SPR\s_edizmedit.scx>
Œ¡–¿¡Œ“ ¿: <C:\Program Files\Microsoft SQL Server\MSSQL\My Data\Projects\VVK_MIAS\Forms\SPR\s_fizrazv.SCT>
Œ¡–¿¡Œ“ ¿: <C:\Program Files\Microsoft SQL Server\MSSQL\My Data\Projects\VVK_MIAS\Forms\SPR\s_fizrazv.scx>
Œ¡–¿¡Œ“ ¿: <C:\Program Files\Microsoft SQL Server\MSSQL\My Data\Projects\VVK_MIAS\Forms\SPR\s_fizrazvedit.SCT>
Œ¡–¿¡Œ“ ¿: <C:\Program Files\Microsoft SQL Server\MSSQL\My Data\Projects\VVK_MIAS\Forms\SPR\s_fizrazvedit.scx>
Œ¡–¿¡Œ“ ¿: <C:\Program Files\Microsoft SQL Server\MSSQL\My Data\Projects\VVK_MIAS\Forms\SPR\s_fizvozd.SCT>
Œ¡–¿¡Œ“ ¿: <C:\Program Files\Microsoft SQL Server\MSSQL\My Data\Projects\VVK_MIAS\Forms\SPR\s_fizvozd.scx>
Œ¡–¿¡Œ“ ¿: <C:\Program Files\Microsoft SQL Server\MSSQL\My Data\Projects\VVK_MIAS\Forms\SPR\s_fizvozdedit.SCT>
Œ¡–¿¡Œ“ ¿: <C:\Program Files\Microsoft SQL Server\MSSQL\My Data\Projects\VVK_MIAS\Forms\SPR\s_fizvozdedit.scx>
Œ¡–¿¡Œ“ ¿: <C:\Program Files\Microsoft SQL Server\MSSQL\My Data\Projects\VVK_MIAS\Forms\SPR\s_graphicedit.SCT>
Œ¡–¿¡Œ“ ¿: <C:\Program Files\Microsoft SQL Server\MSSQL\My Data\Projects\VVK_MIAS\Forms\SPR\s_graphicedit.scx>
Œ¡–¿¡Œ“ ¿: <C:\Program Files\Microsoft SQL Server\MSSQL\My Data\Projects\VVK_MIAS\Forms\SPR\s_graphictype.SCT>
Œ¡–¿¡Œ“ ¿: <C:\Program Files\Microsoft SQL Server\MSSQL\My Data\Projects\VVK_MIAS\Forms\SPR\s_graphictype.scx>
Œ¡–¿¡Œ“ ¿: <C:\Program Files\Microsoft SQL Server\MSSQL\My Data\Projects\VVK_MIAS\Forms\SPR\s_graphictypeedit.SCT>
Œ¡–¿¡Œ“ ¿: <C:\Program Files\Microsoft SQL Server\MSSQL\My Data\Projects\VVK_MIAS\Forms\SPR\s_graphictypeedit.scx>
Œ¡–¿¡Œ“ ¿: <C:\Program Files\Microsoft SQL Server\MSSQL\My Data\Projects\VVK_MIAS\Forms\SPR\s_graphic_details.SCT>
Œ¡–¿¡Œ“ ¿: <C:\Program Files\Microsoft SQL Server\MSSQL\My Data\Projects\VVK_MIAS\Forms\SPR\s_graphic_details.scx>
Œ¡–¿¡Œ“ ¿: <C:\Program Files\Microsoft SQL Server\MSSQL\My Data\Projects\VVK_MIAS\Forms\SPR\s_grupzdor.SCT>
Œ¡–¿¡Œ“ ¿: <C:\Program Files\Microsoft SQL Server\MSSQL\My Data\Projects\VVK_MIAS\Forms\SPR\s_grupzdor.scx>
Œ¡–¿¡Œ“ ¿: <C:\Program Files\Microsoft SQL Server\MSSQL\My Data\Projects\VVK_MIAS\Forms\SPR\s_grupzdoredit.SCT>
Œ¡–¿¡Œ“ ¿: <C:\Program Files\Microsoft SQL Server\MSSQL\My Data\Projects\VVK_MIAS\Forms\SPR\s_grupzdoredit.scx>
Œ¡–¿¡Œ“ ¿: <C:\Program Files\Microsoft SQL Server\MSSQL\My Data\Projects\VVK_MIAS\Forms\SPR\s_izgotovitel.SCT>
Œ¡–¿¡Œ“ ¿: <C:\Program Files\Microsoft SQL Server\MSSQL\My Data\Projects\VVK_MIAS\Forms\SPR\s_izgotovitel.scx>
Œ¡–¿¡Œ“ ¿: <C:\Program Files\Microsoft SQL Server\MSSQL\My Data\Projects\VVK_MIAS\Forms\SPR\s_izgotoviteledit.SCT>
Œ¡–¿¡Œ“ ¿: <C:\Program Files\Microsoft SQL Server\MSSQL\My Data\Projects\VVK_MIAS\Forms\SPR\s_izgotoviteledit.scx>
Œ¡–¿¡Œ“ ¿: <C:\Program Files\Microsoft SQL Server\MSSQL\My Data\Projects\VVK_MIAS\Forms\SPR\s_jalob.SCT>
Œ¡–¿¡Œ“ ¿: <C:\Program Files\Microsoft SQL Server\MSSQL\My Data\Projects\VVK_MIAS\Forms\SPR\s_jalob.scx>
Œ¡–¿¡Œ“ ¿: <C:\Program Files\Microsoft SQL Server\MSSQL\My Data\Projects\VVK_MIAS\Forms\SPR\s_jalobedit.SCT>
Œ¡–¿¡Œ“ ¿: <C:\Program Files\Microsoft SQL Server\MSSQL\My Data\Projects\VVK_MIAS\Forms\SPR\s_jalobedit.scx>
Œ¡–¿¡Œ“ ¿: <C:\Program Files\Microsoft SQL Server\MSSQL\My Data\Projects\VVK_MIAS\Forms\SPR\s_kategory.SCT>
Œ¡–¿¡Œ“ ¿: <C:\Program Files\Microsoft SQL Server\MSSQL\My Data\Projects\VVK_MIAS\Forms\SPR\s_kategory.scx>
Œ¡–¿¡Œ“ ¿: <C:\Program Files\Microsoft SQL Server\MSSQL\My Data\Projects\VVK_MIAS\Forms\SPR\s_kategoryEdit.SCT>
Œ¡–¿¡Œ“ ¿: <C:\Program Files\Microsoft SQL Server\MSSQL\My Data\Projects\VVK_MIAS\Forms\SPR\s_kategoryEdit.scx>
Œ¡–¿¡Œ“ ¿: <C:\Program Files\Microsoft SQL Server\MSSQL\My Data\Projects\VVK_MIAS\Forms\SPR\s_lab.SCT>
Œ¡–¿¡Œ“ ¿: <C:\Program Files\Microsoft SQL Server\MSSQL\My Data\Projects\VVK_MIAS\Forms\SPR\s_lab.scx>
Œ¡–¿¡Œ“ ¿: <C:\Program Files\Microsoft SQL Server\MSSQL\My Data\Projects\VVK_MIAS\Forms\SPR\s_labbilecvet.SCT>
Œ¡–¿¡Œ“ ¿: <C:\Program Files\Microsoft SQL Server\MSSQL\My Data\Projects\VVK_MIAS\Forms\SPR\s_labbilecvet.scx>
Œ¡–¿¡Œ“ ¿: <C:\Program Files\Microsoft SQL Server\MSSQL\My Data\Projects\VVK_MIAS\Forms\SPR\s_labBilecvetedit.SCT>
Œ¡–¿¡Œ“ ¿: <C:\Program Files\Microsoft SQL Server\MSSQL\My Data\Projects\VVK_MIAS\Forms\SPR\s_labBilecvetedit.scx>
Œ¡–¿¡Œ“ ¿: <C:\Program Files\Microsoft SQL Server\MSSQL\My Data\Projects\VVK_MIAS\Forms\SPR\s_labbileepit.SCT>
Œ¡–¿¡Œ“ ¿: <C:\Program Files\Microsoft SQL Server\MSSQL\My Data\Projects\VVK_MIAS\Forms\SPR\s_labbileepit.scx>
Œ¡–¿¡Œ“ ¿: <C:\Program Files\Microsoft SQL Server\MSSQL\My Data\Projects\VVK_MIAS\Forms\SPR\s_labbileepitedit.SCT>
Œ¡–¿¡Œ“ ¿: <C:\Program Files\Microsoft SQL Server\MSSQL\My Data\Projects\VVK_MIAS\Forms\SPR\s_labbileepitedit.scx>
Œ¡–¿¡Œ“ ¿: <C:\Program Files\Microsoft SQL Server\MSSQL\My Data\Projects\VVK_MIAS\Forms\SPR\s_labbilekons.SCT>
Œ¡–¿¡Œ“ ¿: <C:\Program Files\Microsoft SQL Server\MSSQL\My Data\Projects\VVK_MIAS\Forms\SPR\s_labbilekons.scx>
Œ¡–¿¡Œ“ ¿: <C:\Program Files\Microsoft SQL Server\MSSQL\My Data\Projects\VVK_MIAS\Forms\SPR\s_labbilekonsedit.SCT>
Œ¡–¿¡Œ“ ¿: <C:\Program Files\Microsoft SQL Server\MSSQL\My Data\Projects\VVK_MIAS\Forms\SPR\s_labbilekonsedit.scx>
Œ¡–¿¡Œ“ ¿: <C:\Program Files\Microsoft SQL Server\MSSQL\My Data\Projects\VVK_MIAS\Forms\SPR\s_LabBileLeikocit.SCT>
Œ¡–¿¡Œ“ ¿: <C:\Program Files\Microsoft SQL Server\MSSQL\My Data\Projects\VVK_MIAS\Forms\SPR\s_LabBileLeikocit.scx>
Œ¡–¿¡Œ“ ¿: <C:\Program Files\Microsoft SQL Server\MSSQL\My Data\Projects\VVK_MIAS\Forms\SPR\s_LabBileLeikocitedit.SCT>
Œ¡–¿¡Œ“ ¿: <C:\Program Files\Microsoft SQL Server\MSSQL\My Data\Projects\VVK_MIAS\Forms\SPR\s_LabBileLeikocitedit.scx>
Œ¡–¿¡Œ“ ¿: <C:\Program Files\Microsoft SQL Server\MSSQL\My Data\Projects\VVK_MIAS\Forms\SPR\s_labbileprozr.SCT>
Œ¡–¿¡Œ“ ¿: <C:\Program Files\Microsoft SQL Server\MSSQL\My Data\Projects\VVK_MIAS\Forms\SPR\s_labbileprozr.scx>
Œ¡–¿¡Œ“ ¿: <C:\Program Files\Microsoft SQL Server\MSSQL\My Data\Projects\VVK_MIAS\Forms\SPR\s_labBileprozredit.SCT>
Œ¡–¿¡Œ“ ¿: <C:\Program Files\Microsoft SQL Server\MSSQL\My Data\Projects\VVK_MIAS\Forms\SPR\s_labBileprozredit.scx>
Œ¡–¿¡Œ“ ¿: <C:\Program Files\Microsoft SQL Server\MSSQL\My Data\Projects\VVK_MIAS\Forms\SPR\s_labedit.SCT>
Œ¡–¿¡Œ“ ¿: <C:\Program Files\Microsoft SQL Server\MSSQL\My Data\Projects\VVK_MIAS\Forms\SPR\s_labedit.scx>
Œ¡–¿¡Œ“ ¿: <C:\Program Files\Microsoft SQL Server\MSSQL\My Data\Projects\VVK_MIAS\Forms\SPR\s_labissled.SCT>
Œ¡–¿¡Œ“ ¿: <C:\Program Files\Microsoft SQL Server\MSSQL\My Data\Projects\VVK_MIAS\Forms\SPR\s_labissled.scx>
Œ¡–¿¡Œ“ ¿: <C:\Program Files\Microsoft SQL Server\MSSQL\My Data\Projects\VVK_MIAS\Forms\SPR\s_labisslededit.SCT>
Œ¡–¿¡Œ“ ¿: <C:\Program Files\Microsoft SQL Server\MSSQL\My Data\Projects\VVK_MIAS\Forms\SPR\s_labisslededit.scx>
Œ¡–¿¡Œ“ ¿: <C:\Program Files\Microsoft SQL Server\MSSQL\My Data\Projects\VVK_MIAS\Forms\SPR\s_labkoprocvet.SCT>
Œ¡–¿¡Œ“ ¿: <C:\Program Files\Microsoft SQL Server\MSSQL\My Data\Projects\VVK_MIAS\Forms\SPR\s_labkoprocvet.scx>
Œ¡–¿¡Œ“ ¿: <C:\Program Files\Microsoft SQL Server\MSSQL\My Data\Projects\VVK_MIAS\Forms\SPR\s_labKoprocvetedit.SCT>
Œ¡–¿¡Œ“ ¿: <C:\Program Files\Microsoft SQL Server\MSSQL\My Data\Projects\VVK_MIAS\Forms\SPR\s_labKoprocvetedit.scx>
Œ¡–¿¡Œ“ ¿: <C:\Program Files\Microsoft SQL Server\MSSQL\My Data\Projects\VVK_MIAS\Forms\SPR\s_labkoproforma.SCT>
Œ¡–¿¡Œ“ ¿: <C:\Program Files\Microsoft SQL Server\MSSQL\My Data\Projects\VVK_MIAS\Forms\SPR\s_labkoproforma.scx>
Œ¡–¿¡Œ“ ¿: <C:\Program Files\Microsoft SQL Server\MSSQL\My Data\Projects\VVK_MIAS\Forms\SPR\s_labKoproformaedit.SCT>
Œ¡–¿¡Œ“ ¿: <C:\Program Files\Microsoft SQL Server\MSSQL\My Data\Projects\VVK_MIAS\Forms\SPR\s_labKoproformaedit.scx>
Œ¡–¿¡Œ“ ¿: <C:\Program Files\Microsoft SQL Server\MSSQL\My Data\Projects\VVK_MIAS\Forms\SPR\s_labkoprokons.SCT>
Œ¡–¿¡Œ“ ¿: <C:\Program Files\Microsoft SQL Server\MSSQL\My Data\Projects\VVK_MIAS\Forms\SPR\s_labkoprokons.scx>
Œ¡–¿¡Œ“ ¿: <C:\Program Files\Microsoft SQL Server\MSSQL\My Data\Projects\VVK_MIAS\Forms\SPR\s_labKoprokonsedit.SCT>
Œ¡–¿¡Œ“ ¿: <C:\Program Files\Microsoft SQL Server\MSSQL\My Data\Projects\VVK_MIAS\Forms\SPR\s_labKoprokonsedit.scx>
Œ¡–¿¡Œ“ ¿: <C:\Program Files\Microsoft SQL Server\MSSQL\My Data\Projects\VVK_MIAS\Forms\SPR\s_labkoprozapah.SCT>
Œ¡–¿¡Œ“ ¿: <C:\Program Files\Microsoft SQL Server\MSSQL\My Data\Projects\VVK_MIAS\Forms\SPR\s_labkoprozapah.scx>
Œ¡–¿¡Œ“ ¿: <C:\Program Files\Microsoft SQL Server\MSSQL\My Data\Projects\VVK_MIAS\Forms\SPR\s_labKoprozapahedit.SCT>
Œ¡–¿¡Œ“ ¿: <C:\Program Files\Microsoft SQL Server\MSSQL\My Data\Projects\VVK_MIAS\Forms\SPR\s_labKoprozapahedit.scx>
Œ¡–¿¡Œ“ ¿: <C:\Program Files\Microsoft SQL Server\MSSQL\My Data\Projects\VVK_MIAS\Forms\SPR\s_labLgEAllergen.SCT>
Œ¡–¿¡Œ“ ¿: <C:\Program Files\Microsoft SQL Server\MSSQL\My Data\Projects\VVK_MIAS\Forms\SPR\s_labLgEAllergen.scx>
Œ¡–¿¡Œ“ ¿: <C:\Program Files\Microsoft SQL Server\MSSQL\My Data\Projects\VVK_MIAS\Forms\SPR\s_LabLgEAllergenedit.SCT>
Œ¡–¿¡Œ“ ¿: <C:\Program Files\Microsoft SQL Server\MSSQL\My Data\Projects\VVK_MIAS\Forms\SPR\s_LabLgEAllergenedit.scx>
Œ¡–¿¡Œ“ ¿: <C:\Program Files\Microsoft SQL Server\MSSQL\My Data\Projects\VVK_MIAS\Forms\SPR\s_lablgestepreak.SCT>
Œ¡–¿¡Œ“ ¿: <C:\Program Files\Microsoft SQL Server\MSSQL\My Data\Projects\VVK_MIAS\Forms\SPR\s_lablgestepreak.scx>
Œ¡–¿¡Œ“ ¿: <C:\Program Files\Microsoft SQL Server\MSSQL\My Data\Projects\VVK_MIAS\Forms\SPR\s_lablgeStepReakedit.SCT>
Œ¡–¿¡Œ“ ¿: <C:\Program Files\Microsoft SQL Server\MSSQL\My Data\Projects\VVK_MIAS\Forms\SPR\s_lablgeStepReakedit.scx>
Œ¡–¿¡Œ“ ¿: <C:\Program Files\Microsoft SQL Server\MSSQL\My Data\Projects\VVK_MIAS\Forms\SPR\s_labmochacvet.SCT>
Œ¡–¿¡Œ“ ¿: <C:\Program Files\Microsoft SQL Server\MSSQL\My Data\Projects\VVK_MIAS\Forms\SPR\s_labmochacvet.scx>
Œ¡–¿¡Œ“ ¿: <C:\Program Files\Microsoft SQL Server\MSSQL\My Data\Projects\VVK_MIAS\Forms\SPR\s_labmochacvetedit.SCT>
Œ¡–¿¡Œ“ ¿: <C:\Program Files\Microsoft SQL Server\MSSQL\My Data\Projects\VVK_MIAS\Forms\SPR\s_labmochacvetedit.scx>
Œ¡–¿¡Œ“ ¿: <C:\Program Files\Microsoft SQL Server\MSSQL\My Data\Projects\VVK_MIAS\Forms\SPR\s_labmochaprozr.SCT>
Œ¡–¿¡Œ“ ¿: <C:\Program Files\Microsoft SQL Server\MSSQL\My Data\Projects\VVK_MIAS\Forms\SPR\s_labmochaprozr.scx>
Œ¡–¿¡Œ“ ¿: <C:\Program Files\Microsoft SQL Server\MSSQL\My Data\Projects\VVK_MIAS\Forms\SPR\s_LabMochaProzredit.SCT>
Œ¡–¿¡Œ“ ¿: <C:\Program Files\Microsoft SQL Server\MSSQL\My Data\Projects\VVK_MIAS\Forms\SPR\s_LabMochaProzredit.scx>
Œ¡–¿¡Œ“ ¿: <C:\Program Files\Microsoft SQL Server\MSSQL\My Data\Projects\VVK_MIAS\Forms\SPR\s_LabMokrotaCvet.SCT>
Œ¡–¿¡Œ“ ¿: <C:\Program Files\Microsoft SQL Server\MSSQL\My Data\Projects\VVK_MIAS\Forms\SPR\s_LabMokrotaCvet.scx>
Œ¡–¿¡Œ“ ¿: <C:\Program Files\Microsoft SQL Server\MSSQL\My Data\Projects\VVK_MIAS\Forms\SPR\s_LabMokrotaCvetedit.SCT>
Œ¡–¿¡Œ“ ¿: <C:\Program Files\Microsoft SQL Server\MSSQL\My Data\Projects\VVK_MIAS\Forms\SPR\s_LabMokrotaCvetedit.scx>
Œ¡–¿¡Œ“ ¿: <C:\Program Files\Microsoft SQL Server\MSSQL\My Data\Projects\VVK_MIAS\Forms\SPR\s_LabMokrotaForma.SCT>
Œ¡–¿¡Œ“ ¿: <C:\Program Files\Microsoft SQL Server\MSSQL\My Data\Projects\VVK_MIAS\Forms\SPR\s_LabMokrotaForma.scx>
Œ¡–¿¡Œ“ ¿: <C:\Program Files\Microsoft SQL Server\MSSQL\My Data\Projects\VVK_MIAS\Forms\SPR\s_LabMokrotaFormaedit.SCT>
Œ¡–¿¡Œ“ ¿: <C:\Program Files\Microsoft SQL Server\MSSQL\My Data\Projects\VVK_MIAS\Forms\SPR\s_LabMokrotaFormaedit.scx>
Œ¡–¿¡Œ“ ¿: <C:\Program Files\Microsoft SQL Server\MSSQL\My Data\Projects\VVK_MIAS\Forms\SPR\s_labMokrotaHar.SCT>
Œ¡–¿¡Œ“ ¿: <C:\Program Files\Microsoft SQL Server\MSSQL\My Data\Projects\VVK_MIAS\Forms\SPR\s_labMokrotaHar.scx>
Œ¡–¿¡Œ“ ¿: <C:\Program Files\Microsoft SQL Server\MSSQL\My Data\Projects\VVK_MIAS\Forms\SPR\s_labmokrotaharedit.SCT>
Œ¡–¿¡Œ“ ¿: <C:\Program Files\Microsoft SQL Server\MSSQL\My Data\Projects\VVK_MIAS\Forms\SPR\s_labmokrotaharedit.scx>
Œ¡–¿¡Œ“ ¿: <C:\Program Files\Microsoft SQL Server\MSSQL\My Data\Projects\VVK_MIAS\Forms\SPR\s_labmokrotaKons.SCT>
Œ¡–¿¡Œ“ ¿: <C:\Program Files\Microsoft SQL Server\MSSQL\My Data\Projects\VVK_MIAS\Forms\SPR\s_labmokrotaKons.scx>
Œ¡–¿¡Œ“ ¿: <C:\Program Files\Microsoft SQL Server\MSSQL\My Data\Projects\VVK_MIAS\Forms\SPR\s_labmokrotaKonsedit.SCT>
Œ¡–¿¡Œ“ ¿: <C:\Program Files\Microsoft SQL Server\MSSQL\My Data\Projects\VVK_MIAS\Forms\SPR\s_labmokrotaKonsedit.scx>
Œ¡–¿¡Œ“ ¿: <C:\Program Files\Microsoft SQL Server\MSSQL\My Data\Projects\VVK_MIAS\Forms\SPR\s_labMokrotaZapah.SCT>
Œ¡–¿¡Œ“ ¿: <C:\Program Files\Microsoft SQL Server\MSSQL\My Data\Projects\VVK_MIAS\Forms\SPR\s_labMokrotaZapah.scx>
Œ¡–¿¡Œ“ ¿: <C:\Program Files\Microsoft SQL Server\MSSQL\My Data\Projects\VVK_MIAS\Forms\SPR\s_labMokrotaZapahedit.SCT>
Œ¡–¿¡Œ“ ¿: <C:\Program Files\Microsoft SQL Server\MSSQL\My Data\Projects\VVK_MIAS\Forms\SPR\s_labMokrotaZapahedit.scx>
Œ¡–¿¡Œ“ ¿: <C:\Program Files\Microsoft SQL Server\MSSQL\My Data\Projects\VVK_MIAS\Forms\SPR\s_labnal.SCT>
Œ¡–¿¡Œ“ ¿: <C:\Program Files\Microsoft SQL Server\MSSQL\My Data\Projects\VVK_MIAS\Forms\SPR\s_labnal.scx>
Œ¡–¿¡Œ“ ¿: <C:\Program Files\Microsoft SQL Server\MSSQL\My Data\Projects\VVK_MIAS\Forms\SPR\s_labnaledit.SCT>
Œ¡–¿¡Œ“ ¿: <C:\Program Files\Microsoft SQL Server\MSSQL\My Data\Projects\VVK_MIAS\Forms\SPR\s_labnaledit.scx>
Œ¡–¿¡Œ“ ¿: <C:\Program Files\Microsoft SQL Server\MSSQL\My Data\Projects\VVK_MIAS\Forms\SPR\s_labOtdelEpit.SCT>
Œ¡–¿¡Œ“ ¿: <C:\Program Files\Microsoft SQL Server\MSSQL\My Data\Projects\VVK_MIAS\Forms\SPR\s_labOtdelEpit.scx>
Œ¡–¿¡Œ“ ¿: <C:\Program Files\Microsoft SQL Server\MSSQL\My Data\Projects\VVK_MIAS\Forms\SPR\s_LabOtdelEpitedit.SCT>
Œ¡–¿¡Œ“ ¿: <C:\Program Files\Microsoft SQL Server\MSSQL\My Data\Projects\VVK_MIAS\Forms\SPR\s_LabOtdelEpitedit.scx>
Œ¡–¿¡Œ“ ¿: <C:\Program Files\Microsoft SQL Server\MSSQL\My Data\Projects\VVK_MIAS\Forms\SPR\s_labotdelflora.SCT>
Œ¡–¿¡Œ“ ¿: <C:\Program Files\Microsoft SQL Server\MSSQL\My Data\Projects\VVK_MIAS\Forms\SPR\s_labotdelflora.scx>
Œ¡–¿¡Œ“ ¿: <C:\Program Files\Microsoft SQL Server\MSSQL\My Data\Projects\VVK_MIAS\Forms\SPR\s_LabOtdelFloraedit.SCT>
Œ¡–¿¡Œ“ ¿: <C:\Program Files\Microsoft SQL Server\MSSQL\My Data\Projects\VVK_MIAS\Forms\SPR\s_LabOtdelFloraedit.scx>
Œ¡–¿¡Œ“ ¿: <C:\Program Files\Microsoft SQL Server\MSSQL\My Data\Projects\VVK_MIAS\Forms\SPR\s_labotdelleiko.SCT>
Œ¡–¿¡Œ“ ¿: <C:\Program Files\Microsoft SQL Server\MSSQL\My Data\Projects\VVK_MIAS\Forms\SPR\s_labotdelleiko.scx>
Œ¡–¿¡Œ“ ¿: <C:\Program Files\Microsoft SQL Server\MSSQL\My Data\Projects\VVK_MIAS\Forms\SPR\s_LabOtdelLeikoedit.SCT>
Œ¡–¿¡Œ“ ¿: <C:\Program Files\Microsoft SQL Server\MSSQL\My Data\Projects\VVK_MIAS\Forms\SPR\s_LabOtdelLeikoedit.scx>
Œ¡–¿¡Œ“ ¿: <C:\Program Files\Microsoft SQL Server\MSSQL\My Data\Projects\VVK_MIAS\Forms\SPR\s_labpris.SCT>
Œ¡–¿¡Œ“ ¿: <C:\Program Files\Microsoft SQL Server\MSSQL\My Data\Projects\VVK_MIAS\Forms\SPR\s_labpris.scx>
Œ¡–¿¡Œ“ ¿: <C:\Program Files\Microsoft SQL Server\MSSQL\My Data\Projects\VVK_MIAS\Forms\SPR\s_labprisedit.SCT>
Œ¡–¿¡Œ“ ¿: <C:\Program Files\Microsoft SQL Server\MSSQL\My Data\Projects\VVK_MIAS\Forms\SPR\s_labprisedit.scx>
Œ¡–¿¡Œ“ ¿: <C:\Program Files\Microsoft SQL Server\MSSQL\My Data\Projects\VVK_MIAS\Forms\SPR\s_Labrezultat.SCT>
Œ¡–¿¡Œ“ ¿: <C:\Program Files\Microsoft SQL Server\MSSQL\My Data\Projects\VVK_MIAS\Forms\SPR\s_Labrezultat.scx>
Œ¡–¿¡Œ“ ¿: <C:\Program Files\Microsoft SQL Server\MSSQL\My Data\Projects\VVK_MIAS\Forms\SPR\s_labrezultatedit.SCT>
Œ¡–¿¡Œ“ ¿: <C:\Program Files\Microsoft SQL Server\MSSQL\My Data\Projects\VVK_MIAS\Forms\SPR\s_labrezultatedit.scx>
Œ¡–¿¡Œ“ ¿: <C:\Program Files\Microsoft SQL Server\MSSQL\My Data\Projects\VVK_MIAS\Forms\SPR\s_LabTorm.SCT>
Œ¡–¿¡Œ“ ¿: <C:\Program Files\Microsoft SQL Server\MSSQL\My Data\Projects\VVK_MIAS\Forms\SPR\s_LabTorm.scx>
Œ¡–¿¡Œ“ ¿: <C:\Program Files\Microsoft SQL Server\MSSQL\My Data\Projects\VVK_MIAS\Forms\SPR\s_labtormedit.SCT>
Œ¡–¿¡Œ“ ¿: <C:\Program Files\Microsoft SQL Server\MSSQL\My Data\Projects\VVK_MIAS\Forms\SPR\s_labtormedit.scx>
Œ¡–¿¡Œ“ ¿: <C:\Program Files\Microsoft SQL Server\MSSQL\My Data\Projects\VVK_MIAS\Forms\SPR\s_labTSH.SCT>
Œ¡–¿¡Œ“ ¿: <C:\Program Files\Microsoft SQL Server\MSSQL\My Data\Projects\VVK_MIAS\Forms\SPR\s_labTSH.scx>
Œ¡–¿¡Œ“ ¿: <C:\Program Files\Microsoft SQL Server\MSSQL\My Data\Projects\VVK_MIAS\Forms\SPR\s_labTSHedit.SCT>
Œ¡–¿¡Œ“ ¿: <C:\Program Files\Microsoft SQL Server\MSSQL\My Data\Projects\VVK_MIAS\Forms\SPR\s_labTSHedit.scx>
Œ¡–¿¡Œ“ ¿: <C:\Program Files\Microsoft SQL Server\MSSQL\My Data\Projects\VVK_MIAS\Forms\SPR\s_lekarstvath.SCT>
Œ¡–¿¡Œ“ ¿: <C:\Program Files\Microsoft SQL Server\MSSQL\My Data\Projects\VVK_MIAS\Forms\SPR\s_lekarstvath.scx>
Œ¡–¿¡Œ“ ¿: <C:\Program Files\Microsoft SQL Server\MSSQL\My Data\Projects\VVK_MIAS\Forms\SPR\s_lekarstvathedit.SCT>
Œ¡–¿¡Œ“ ¿: <C:\Program Files\Microsoft SQL Server\MSSQL\My Data\Projects\VVK_MIAS\Forms\SPR\s_lekarstvathedit.scx>
Œ¡–¿¡Œ“ ¿: <C:\Program Files\Microsoft SQL Server\MSSQL\My Data\Projects\VVK_MIAS\Forms\SPR\s_lekarstvedizmformvipuska.SCT>
Œ¡–¿¡Œ“ ¿: <C:\Program Files\Microsoft SQL Server\MSSQL\My Data\Projects\VVK_MIAS\Forms\SPR\s_lekarstvedizmformvipuska.scx>
Œ¡–¿¡Œ“ ¿: <C:\Program Files\Microsoft SQL Server\MSSQL\My Data\Projects\VVK_MIAS\Forms\SPR\s_lekarstvedizmformvipuskaedit.SCT>
Œ¡–¿¡Œ“ ¿: <C:\Program Files\Microsoft SQL Server\MSSQL\My Data\Projects\VVK_MIAS\Forms\SPR\s_lekarstvedizmformvipuskaedit.scx>
Œ¡–¿¡Œ“ ¿: <C:\Program Files\Microsoft SQL Server\MSSQL\My Data\Projects\VVK_MIAS\Forms\SPR\s_lekarstvedizmsostav.SCT>
Œ¡–¿¡Œ“ ¿: <C:\Program Files\Microsoft SQL Server\MSSQL\My Data\Projects\VVK_MIAS\Forms\SPR\s_lekarstvedizmsostav.scx>
Œ¡–¿¡Œ“ ¿: <C:\Program Files\Microsoft SQL Server\MSSQL\My Data\Projects\VVK_MIAS\Forms\SPR\s_lekarstvedizmsostavedit.SCT>
Œ¡–¿¡Œ“ ¿: <C:\Program Files\Microsoft SQL Server\MSSQL\My Data\Projects\VVK_MIAS\Forms\SPR\s_lekarstvedizmsostavedit.scx>
Œ¡–¿¡Œ“ ¿: <C:\Program Files\Microsoft SQL Server\MSSQL\My Data\Projects\VVK_MIAS\Forms\SPR\s_lekarstvedizmupakovka.SCT>
Œ¡–¿¡Œ“ ¿: <C:\Program Files\Microsoft SQL Server\MSSQL\My Data\Projects\VVK_MIAS\Forms\SPR\s_lekarstvedizmupakovka.scx>
Œ¡–¿¡Œ“ ¿: <C:\Program Files\Microsoft SQL Server\MSSQL\My Data\Projects\VVK_MIAS\Forms\SPR\s_lekarstvedizmupakovkaedit.SCT>
Œ¡–¿¡Œ“ ¿: <C:\Program Files\Microsoft SQL Server\MSSQL\My Data\Projects\VVK_MIAS\Forms\SPR\s_lekarstvedizmupakovkaedit.scx>
Œ¡–¿¡Œ“ ¿: <C:\Program Files\Microsoft SQL Server\MSSQL\My Data\Projects\VVK_MIAS\Forms\SPR\s_LekarstvFarmGroup.SCT>
Œ¡–¿¡Œ“ ¿: <C:\Program Files\Microsoft SQL Server\MSSQL\My Data\Projects\VVK_MIAS\Forms\SPR\s_LekarstvFarmGroup.scx>
Œ¡–¿¡Œ“ ¿: <C:\Program Files\Microsoft SQL Server\MSSQL\My Data\Projects\VVK_MIAS\Forms\SPR\s_lekarstvfarmgroupedit.SCT>
Œ¡–¿¡Œ“ ¿: <C:\Program Files\Microsoft SQL Server\MSSQL\My Data\Projects\VVK_MIAS\Forms\SPR\s_lekarstvfarmgroupedit.scx>
Œ¡–¿¡Œ“ ¿: <C:\Program Files\Microsoft SQL Server\MSSQL\My Data\Projects\VVK_MIAS\Forms\SPR\s_lekarstvformvypuska.SCT>
Œ¡–¿¡Œ“ ¿: <C:\Program Files\Microsoft SQL Server\MSSQL\My Data\Projects\VVK_MIAS\Forms\SPR\s_lekarstvformvypuska.scx>
Œ¡–¿¡Œ“ ¿: <C:\Program Files\Microsoft SQL Server\MSSQL\My Data\Projects\VVK_MIAS\Forms\SPR\s_lekarstvformvypuskaedit.SCT>
Œ¡–¿¡Œ“ ¿: <C:\Program Files\Microsoft SQL Server\MSSQL\My Data\Projects\VVK_MIAS\Forms\SPR\s_lekarstvformvypuskaedit.scx>
Œ¡–¿¡Œ“ ¿: <C:\Program Files\Microsoft SQL Server\MSSQL\My Data\Projects\VVK_MIAS\Forms\SPR\s_lekarstvizgotovitel.SCT>
Œ¡–¿¡Œ“ ¿: <C:\Program Files\Microsoft SQL Server\MSSQL\My Data\Projects\VVK_MIAS\Forms\SPR\s_lekarstvizgotovitel.scx>
Œ¡–¿¡Œ“ ¿: <C:\Program Files\Microsoft SQL Server\MSSQL\My Data\Projects\VVK_MIAS\Forms\SPR\s_lekarstvizgotoviteledit.SCT>
Œ¡–¿¡Œ“ ¿: <C:\Program Files\Microsoft SQL Server\MSSQL\My Data\Projects\VVK_MIAS\Forms\SPR\s_lekarstvizgotoviteledit.scx>
Œ¡–¿¡Œ“ ¿: <C:\Program Files\Microsoft SQL Server\MSSQL\My Data\Projects\VVK_MIAS\Forms\SPR\s_lekarstvnameformvypuska.SCT>
Œ¡–¿¡Œ“ ¿: <C:\Program Files\Microsoft SQL Server\MSSQL\My Data\Projects\VVK_MIAS\Forms\SPR\s_lekarstvnameformvypuska.scx>
Œ¡–¿¡Œ“ ¿: <C:\Program Files\Microsoft SQL Server\MSSQL\My Data\Projects\VVK_MIAS\Forms\SPR\s_lekarstvnameformvypuskaedit.SCT>
Œ¡–¿¡Œ“ ¿: <C:\Program Files\Microsoft SQL Server\MSSQL\My Data\Projects\VVK_MIAS\Forms\SPR\s_lekarstvnameformvypuskaedit.scx>
Œ¡–¿¡Œ“ ¿: <C:\Program Files\Microsoft SQL Server\MSSQL\My Data\Projects\VVK_MIAS\Forms\SPR\s_lekarstvpredstavitel.SCT>
Œ¡–¿¡Œ“ ¿: <C:\Program Files\Microsoft SQL Server\MSSQL\My Data\Projects\VVK_MIAS\Forms\SPR\s_lekarstvpredstavitel.scx>
Œ¡–¿¡Œ“ ¿: <C:\Program Files\Microsoft SQL Server\MSSQL\My Data\Projects\VVK_MIAS\Forms\SPR\s_lekarstvpredstaviteledit.SCT>
Œ¡–¿¡Œ“ ¿: <C:\Program Files\Microsoft SQL Server\MSSQL\My Data\Projects\VVK_MIAS\Forms\SPR\s_lekarstvpredstaviteledit.scx>
Œ¡–¿¡Œ“ ¿: <C:\Program Files\Microsoft SQL Server\MSSQL\My Data\Projects\VVK_MIAS\Forms\SPR\s_lekarstvprepar.SCT>
Œ¡–¿¡Œ“ ¿: <C:\Program Files\Microsoft SQL Server\MSSQL\My Data\Projects\VVK_MIAS\Forms\SPR\s_lekarstvprepar.scx>
Œ¡–¿¡Œ“ ¿: <C:\Program Files\Microsoft SQL Server\MSSQL\My Data\Projects\VVK_MIAS\Forms\SPR\s_lekarstvpreparedit.SCT>
Œ¡–¿¡Œ“ ¿: <C:\Program Files\Microsoft SQL Server\MSSQL\My Data\Projects\VVK_MIAS\Forms\SPR\s_lekarstvpreparedit.scx>
Œ¡–¿¡Œ“ ¿: <C:\Program Files\Microsoft SQL Server\MSSQL\My Data\Projects\VVK_MIAS\Forms\SPR\s_lekarstvsinonim.SCT>
Œ¡–¿¡Œ“ ¿: <C:\Program Files\Microsoft SQL Server\MSSQL\My Data\Projects\VVK_MIAS\Forms\SPR\s_lekarstvsinonim.scx>
Œ¡–¿¡Œ“ ¿: <C:\Program Files\Microsoft SQL Server\MSSQL\My Data\Projects\VVK_MIAS\Forms\SPR\s_lekarstvsinonimedit.SCT>
Œ¡–¿¡Œ“ ¿: <C:\Program Files\Microsoft SQL Server\MSSQL\My Data\Projects\VVK_MIAS\Forms\SPR\s_lekarstvsinonimedit.scx>
Œ¡–¿¡Œ“ ¿: <C:\Program Files\Microsoft SQL Server\MSSQL\My Data\Projects\VVK_MIAS\Forms\SPR\s_lekarstvsostav.SCT>
Œ¡–¿¡Œ“ ¿: <C:\Program Files\Microsoft SQL Server\MSSQL\My Data\Projects\VVK_MIAS\Forms\SPR\s_lekarstvsostav.scx>
Œ¡–¿¡Œ“ ¿: <C:\Program Files\Microsoft SQL Server\MSSQL\My Data\Projects\VVK_MIAS\Forms\SPR\s_lekarstvsostavedit.SCT>
Œ¡–¿¡Œ“ ¿: <C:\Program Files\Microsoft SQL Server\MSSQL\My Data\Projects\VVK_MIAS\Forms\SPR\s_lekarstvsostavedit.scx>
Œ¡–¿¡Œ“ ¿: <C:\Program Files\Microsoft SQL Server\MSSQL\My Data\Projects\VVK_MIAS\Forms\SPR\s_lekarstvupakovkaformvipuska.SCT>
Œ¡–¿¡Œ“ ¿: <C:\Program Files\Microsoft SQL Server\MSSQL\My Data\Projects\VVK_MIAS\Forms\SPR\s_lekarstvupakovkaformvipuska.scx>
Œ¡–¿¡Œ“ ¿: <C:\Program Files\Microsoft SQL Server\MSSQL\My Data\Projects\VVK_MIAS\Forms\SPR\s_lekarstvupakovkaformvipuskaedit.SCT>
Œ¡–¿¡Œ“ ¿: <C:\Program Files\Microsoft SQL Server\MSSQL\My Data\Projects\VVK_MIAS\Forms\SPR\s_lekarstvupakovkaformvipuskaedit.scx>
Œ¡–¿¡Œ“ ¿: <C:\Program Files\Microsoft SQL Server\MSSQL\My Data\Projects\VVK_MIAS\Forms\SPR\s_LekarstvVeshestvo.SCT>
Œ¡–¿¡Œ“ ¿: <C:\Program Files\Microsoft SQL Server\MSSQL\My Data\Projects\VVK_MIAS\Forms\SPR\s_LekarstvVeshestvo.scx>
Œ¡–¿¡Œ“ ¿: <C:\Program Files\Microsoft SQL Server\MSSQL\My Data\Projects\VVK_MIAS\Forms\SPR\s_LekarstvVeshestvoEdit.SCT>
Œ¡–¿¡Œ“ ¿: <C:\Program Files\Microsoft SQL Server\MSSQL\My Data\Projects\VVK_MIAS\Forms\SPR\s_LekarstvVeshestvoEdit.scx>
Œ¡–¿¡Œ“ ¿: <C:\Program Files\Microsoft SQL Server\MSSQL\My Data\Projects\VVK_MIAS\Forms\SPR\s_lgot.SCT>
Œ¡–¿¡Œ“ ¿: <C:\Program Files\Microsoft SQL Server\MSSQL\My Data\Projects\VVK_MIAS\Forms\SPR\s_lgot.scx>
Œ¡–¿¡Œ“ ¿: <C:\Program Files\Microsoft SQL Server\MSSQL\My Data\Projects\VVK_MIAS\Forms\SPR\s_lgotedit.SCT>
Œ¡–¿¡Œ“ ¿: <C:\Program Files\Microsoft SQL Server\MSSQL\My Data\Projects\VVK_MIAS\Forms\SPR\s_lgotedit.scx>
Œ¡–¿¡Œ“ ¿: <C:\Program Files\Microsoft SQL Server\MSSQL\My Data\Projects\VVK_MIAS\Forms\SPR\s_MedOtvod.SCT>
Œ¡–¿¡Œ“ ¿: <C:\Program Files\Microsoft SQL Server\MSSQL\My Data\Projects\VVK_MIAS\Forms\SPR\s_MedOtvod.scx>
Œ¡–¿¡Œ“ ¿: <C:\Program Files\Microsoft SQL Server\MSSQL\My Data\Projects\VVK_MIAS\Forms\SPR\s_MedOtvodedit.SCT>
Œ¡–¿¡Œ“ ¿: <C:\Program Files\Microsoft SQL Server\MSSQL\My Data\Projects\VVK_MIAS\Forms\SPR\s_MedOtvodedit.scx>
Œ¡–¿¡Œ“ ¿: <C:\Program Files\Microsoft SQL Server\MSSQL\My Data\Projects\VVK_MIAS\Forms\SPR\s_metodvvedenia.SCT>
Œ¡–¿¡Œ“ ¿: <C:\Program Files\Microsoft SQL Server\MSSQL\My Data\Projects\VVK_MIAS\Forms\SPR\s_metodvvedenia.scx>
Œ¡–¿¡Œ“ ¿: <C:\Program Files\Microsoft SQL Server\MSSQL\My Data\Projects\VVK_MIAS\Forms\SPR\s_metodvvedeniaedit.SCT>
Œ¡–¿¡Œ“ ¿: <C:\Program Files\Microsoft SQL Server\MSSQL\My Data\Projects\VVK_MIAS\Forms\SPR\s_metodvvedeniaedit.scx>
Œ¡–¿¡Œ“ ¿: <C:\Program Files\Microsoft SQL Server\MSSQL\My Data\Projects\VVK_MIAS\Forms\SPR\s_mkb10.SCT>
Œ¡–¿¡Œ“ ¿: <C:\Program Files\Microsoft SQL Server\MSSQL\My Data\Projects\VVK_MIAS\Forms\SPR\s_mkb10.scx>
Œ¡–¿¡Œ“ ¿: <C:\Program Files\Microsoft SQL Server\MSSQL\My Data\Projects\VVK_MIAS\Forms\SPR\s_npr.SCT>
Œ¡–¿¡Œ“ ¿: <C:\Program Files\Microsoft SQL Server\MSSQL\My Data\Projects\VVK_MIAS\Forms\SPR\s_npr.scx>
Œ¡–¿¡Œ“ ¿: <C:\Program Files\Microsoft SQL Server\MSSQL\My Data\Projects\VVK_MIAS\Forms\SPR\s_npredit.SCT>
Œ¡–¿¡Œ“ ¿: <C:\Program Files\Microsoft SQL Server\MSSQL\My Data\Projects\VVK_MIAS\Forms\SPR\s_npredit.scx>
Œ¡–¿¡Œ“ ¿: <C:\Program Files\Microsoft SQL Server\MSSQL\My Data\Projects\VVK_MIAS\Forms\SPR\s_Obrazovanie.SCT>
Œ¡–¿¡Œ“ ¿: <C:\Program Files\Microsoft SQL Server\MSSQL\My Data\Projects\VVK_MIAS\Forms\SPR\s_Obrazovanie.scx>
Œ¡–¿¡Œ“ ¿: <C:\Program Files\Microsoft SQL Server\MSSQL\My Data\Projects\VVK_MIAS\Forms\SPR\s_ObrazovanieEdit.SCT>
Œ¡–¿¡Œ“ ¿: <C:\Program Files\Microsoft SQL Server\MSSQL\My Data\Projects\VVK_MIAS\Forms\SPR\s_ObrazovanieEdit.scx>
Œ¡–¿¡Œ“ ¿: <C:\Program Files\Microsoft SQL Server\MSSQL\My Data\Projects\VVK_MIAS\Forms\SPR\s_ocenkarodit.SCT>
Œ¡–¿¡Œ“ ¿: <C:\Program Files\Microsoft SQL Server\MSSQL\My Data\Projects\VVK_MIAS\Forms\SPR\s_ocenkarodit.scx>
Œ¡–¿¡Œ“ ¿: <C:\Program Files\Microsoft SQL Server\MSSQL\My Data\Projects\VVK_MIAS\Forms\SPR\s_ocenkaroditedit.SCT>
Œ¡–¿¡Œ“ ¿: <C:\Program Files\Microsoft SQL Server\MSSQL\My Data\Projects\VVK_MIAS\Forms\SPR\s_ocenkaroditedit.scx>
Œ¡–¿¡Œ“ ¿: <C:\Program Files\Microsoft SQL Server\MSSQL\My Data\Projects\VVK_MIAS\Forms\SPR\s_org.SCT>
Œ¡–¿¡Œ“ ¿: <C:\Program Files\Microsoft SQL Server\MSSQL\My Data\Projects\VVK_MIAS\Forms\SPR\s_org.scx>
Œ¡–¿¡Œ“ ¿: <C:\Program Files\Microsoft SQL Server\MSSQL\My Data\Projects\VVK_MIAS\Forms\SPR\s_orgedit.SCT>
Œ¡–¿¡Œ“ ¿: <C:\Program Files\Microsoft SQL Server\MSSQL\My Data\Projects\VVK_MIAS\Forms\SPR\s_orgedit.scx>
Œ¡–¿¡Œ“ ¿: <C:\Program Files\Microsoft SQL Server\MSSQL\My Data\Projects\VVK_MIAS\Forms\SPR\s_orgstrukture.SCT>
Œ¡–¿¡Œ“ ¿: <C:\Program Files\Microsoft SQL Server\MSSQL\My Data\Projects\VVK_MIAS\Forms\SPR\s_orgstrukture.scx>
Œ¡–¿¡Œ“ ¿: <C:\Program Files\Microsoft SQL Server\MSSQL\My Data\Projects\VVK_MIAS\Forms\SPR\s_orgstruktureeditelement.SCT>
Œ¡–¿¡Œ“ ¿: <C:\Program Files\Microsoft SQL Server\MSSQL\My Data\Projects\VVK_MIAS\Forms\SPR\s_orgstruktureeditelement.scx>
Œ¡–¿¡Œ“ ¿: <C:\Program Files\Microsoft SQL Server\MSSQL\My Data\Projects\VVK_MIAS\Forms\SPR\s_orgstruktureeditgrup.SCT>
Œ¡–¿¡Œ“ ¿: <C:\Program Files\Microsoft SQL Server\MSSQL\My Data\Projects\VVK_MIAS\Forms\SPR\s_orgstruktureeditgrup.scx>
Œ¡–¿¡Œ“ ¿: <C:\Program Files\Microsoft SQL Server\MSSQL\My Data\Projects\VVK_MIAS\Forms\SPR\s_orgstruktureeditgrup_type.SCT>
Œ¡–¿¡Œ“ ¿: <C:\Program Files\Microsoft SQL Server\MSSQL\My Data\Projects\VVK_MIAS\Forms\SPR\s_orgstruktureeditgrup_type.scx>
Œ¡–¿¡Œ“ ¿: <C:\Program Files\Microsoft SQL Server\MSSQL\My Data\Projects\VVK_MIAS\Forms\SPR\s_orgstruktureeditotd.SCT>
Œ¡–¿¡Œ“ ¿: <C:\Program Files\Microsoft SQL Server\MSSQL\My Data\Projects\VVK_MIAS\Forms\SPR\s_orgstruktureeditotd.scx>
Œ¡–¿¡Œ“ ¿: <C:\Program Files\Microsoft SQL Server\MSSQL\My Data\Projects\VVK_MIAS\Forms\SPR\s_orgstrukture_options.SCT>
Œ¡–¿¡Œ“ ¿: <C:\Program Files\Microsoft SQL Server\MSSQL\My Data\Projects\VVK_MIAS\Forms\SPR\s_orgstrukture_options.scx>
Œ¡–¿¡Œ“ ¿: <C:\Program Files\Microsoft SQL Server\MSSQL\My Data\Projects\VVK_MIAS\Forms\SPR\s_orgtype.SCT>
Œ¡–¿¡Œ“ ¿: <C:\Program Files\Microsoft SQL Server\MSSQL\My Data\Projects\VVK_MIAS\Forms\SPR\s_orgtype.scx>
Œ¡–¿¡Œ“ ¿: <C:\Program Files\Microsoft SQL Server\MSSQL\My Data\Projects\VVK_MIAS\Forms\SPR\s_orgtypeedit.SCT>
Œ¡–¿¡Œ“ ¿: <C:\Program Files\Microsoft SQL Server\MSSQL\My Data\Projects\VVK_MIAS\Forms\SPR\s_orgtypeedit.scx>
Œ¡–¿¡Œ“ ¿: <C:\Program Files\Microsoft SQL Server\MSSQL\My Data\Projects\VVK_MIAS\Forms\SPR\s_otd.SCT>
Œ¡–¿¡Œ“ ¿: <C:\Program Files\Microsoft SQL Server\MSSQL\My Data\Projects\VVK_MIAS\Forms\SPR\s_otd.scx>
Œ¡–¿¡Œ“ ¿: <C:\Program Files\Microsoft SQL Server\MSSQL\My Data\Projects\VVK_MIAS\Forms\SPR\s_otdedit.SCT>
Œ¡–¿¡Œ“ ¿: <C:\Program Files\Microsoft SQL Server\MSSQL\My Data\Projects\VVK_MIAS\Forms\SPR\s_otdedit.scx>
Œ¡–¿¡Œ“ ¿: <C:\Program Files\Microsoft SQL Server\MSSQL\My Data\Projects\VVK_MIAS\Forms\SPR\s_otkaz.SCT>
Œ¡–¿¡Œ“ ¿: <C:\Program Files\Microsoft SQL Server\MSSQL\My Data\Projects\VVK_MIAS\Forms\SPR\s_otkaz.scx>
Œ¡–¿¡Œ“ ¿: <C:\Program Files\Microsoft SQL Server\MSSQL\My Data\Projects\VVK_MIAS\Forms\SPR\s_otkazEdit.SCT>
Œ¡–¿¡Œ“ ¿: <C:\Program Files\Microsoft SQL Server\MSSQL\My Data\Projects\VVK_MIAS\Forms\SPR\s_otkazEdit.scx>
Œ¡–¿¡Œ“ ¿: <C:\Program Files\Microsoft SQL Server\MSSQL\My Data\Projects\VVK_MIAS\Forms\SPR\s_pacient.SCT>
Œ¡–¿¡Œ“ ¿: <C:\Program Files\Microsoft SQL Server\MSSQL\My Data\Projects\VVK_MIAS\Forms\SPR\s_pacient.scx>
Œ¡–¿¡Œ“ ¿: <C:\Program Files\Microsoft SQL Server\MSSQL\My Data\Projects\VVK_MIAS\Forms\SPR\s_pacientadres.SCT>
Œ¡–¿¡Œ“ ¿: <C:\Program Files\Microsoft SQL Server\MSSQL\My Data\Projects\VVK_MIAS\Forms\SPR\s_pacientadres.scx>
Œ¡–¿¡Œ“ ¿: <C:\Program Files\Microsoft SQL Server\MSSQL\My Data\Projects\VVK_MIAS\Forms\SPR\s_pacientadresedit.SCT>
Œ¡–¿¡Œ“ ¿: <C:\Program Files\Microsoft SQL Server\MSSQL\My Data\Projects\VVK_MIAS\Forms\SPR\s_pacientadresedit.scx>
Œ¡–¿¡Œ“ ¿: <C:\Program Files\Microsoft SQL Server\MSSQL\My Data\Projects\VVK_MIAS\Forms\SPR\s_pacientedit.sct>
Œ¡–¿¡Œ“ ¿: <C:\Program Files\Microsoft SQL Server\MSSQL\My Data\Projects\VVK_MIAS\Forms\SPR\s_pacientedit.scx>
Œ¡–¿¡Œ“ ¿: <C:\Program Files\Microsoft SQL Server\MSSQL\My Data\Projects\VVK_MIAS\Forms\SPR\s_pacientedit_new.sct>
Œ¡–¿¡Œ“ ¿: <C:\Program Files\Microsoft SQL Server\MSSQL\My Data\Projects\VVK_MIAS\Forms\SPR\s_pacientedit_new.scx>
Œ¡–¿¡Œ“ ¿: <C:\Program Files\Microsoft SQL Server\MSSQL\My Data\Projects\VVK_MIAS\Forms\SPR\s_pacientname.SCT>
Œ¡–¿¡Œ“ ¿: <C:\Program Files\Microsoft SQL Server\MSSQL\My Data\Projects\VVK_MIAS\Forms\SPR\s_pacientname.scx>
Œ¡–¿¡Œ“ ¿: <C:\Program Files\Microsoft SQL Server\MSSQL\My Data\Projects\VVK_MIAS\Forms\SPR\s_pacientnameedit.SCT>
Œ¡–¿¡Œ“ ¿: <C:\Program Files\Microsoft SQL Server\MSSQL\My Data\Projects\VVK_MIAS\Forms\SPR\s_pacientnameedit.scx>
Œ¡–¿¡Œ“ ¿: <C:\Program Files\Microsoft SQL Server\MSSQL\My Data\Projects\VVK_MIAS\Forms\SPR\s_pacientoth.SCT>
Œ¡–¿¡Œ“ ¿: <C:\Program Files\Microsoft SQL Server\MSSQL\My Data\Projects\VVK_MIAS\Forms\SPR\s_pacientoth.scx>
Œ¡–¿¡Œ“ ¿: <C:\Program Files\Microsoft SQL Server\MSSQL\My Data\Projects\VVK_MIAS\Forms\SPR\s_pacientothedit.SCT>
Œ¡–¿¡Œ“ ¿: <C:\Program Files\Microsoft SQL Server\MSSQL\My Data\Projects\VVK_MIAS\Forms\SPR\s_pacientothedit.scx>
Œ¡–¿¡Œ“ ¿: <C:\Program Files\Microsoft SQL Server\MSSQL\My Data\Projects\VVK_MIAS\Forms\SPR\s_pacientpolis.SCT>
Œ¡–¿¡Œ“ ¿: <C:\Program Files\Microsoft SQL Server\MSSQL\My Data\Projects\VVK_MIAS\Forms\SPR\s_pacientpolis.scx>
Œ¡–¿¡Œ“ ¿: <C:\Program Files\Microsoft SQL Server\MSSQL\My Data\Projects\VVK_MIAS\Forms\SPR\s_pacientpolisedit.SCT>
Œ¡–¿¡Œ“ ¿: <C:\Program Files\Microsoft SQL Server\MSSQL\My Data\Projects\VVK_MIAS\Forms\SPR\s_pacientpolisedit.scx>
Œ¡–¿¡Œ“ ¿: <C:\Program Files\Microsoft SQL Server\MSSQL\My Data\Projects\VVK_MIAS\Forms\SPR\s_pacient_ak_anamnez.SCT>
Œ¡–¿¡Œ“ ¿: <C:\Program Files\Microsoft SQL Server\MSSQL\My Data\Projects\VVK_MIAS\Forms\SPR\s_pacient_ak_anamnez.scx>
Œ¡–¿¡Œ“ ¿: <C:\Program Files\Microsoft SQL Server\MSSQL\My Data\Projects\VVK_MIAS\Forms\SPR\s_parazit.SCT>
Œ¡–¿¡Œ“ ¿: <C:\Program Files\Microsoft SQL Server\MSSQL\My Data\Projects\VVK_MIAS\Forms\SPR\s_parazit.scx>
Œ¡–¿¡Œ“ ¿: <C:\Program Files\Microsoft SQL Server\MSSQL\My Data\Projects\VVK_MIAS\Forms\SPR\s_Parazitedit.SCT>
Œ¡–¿¡Œ“ ¿: <C:\Program Files\Microsoft SQL Server\MSSQL\My Data\Projects\VVK_MIAS\Forms\SPR\s_Parazitedit.scx>
Œ¡–¿¡Œ“ ¿: <C:\Program Files\Microsoft SQL Server\MSSQL\My Data\Projects\VVK_MIAS\Forms\SPR\s_personobject.SCT>
Œ¡–¿¡Œ“ ¿: <C:\Program Files\Microsoft SQL Server\MSSQL\My Data\Projects\VVK_MIAS\Forms\SPR\s_personobject.scx>
Œ¡–¿¡Œ“ ¿: <C:\Program Files\Microsoft SQL Server\MSSQL\My Data\Projects\VVK_MIAS\Forms\SPR\s_personobjecteditsost.SCT>
Œ¡–¿¡Œ“ ¿: <C:\Program Files\Microsoft SQL Server\MSSQL\My Data\Projects\VVK_MIAS\Forms\SPR\s_personobjecteditsost.scx>
Œ¡–¿¡Œ“ ¿: <C:\Program Files\Microsoft SQL Server\MSSQL\My Data\Projects\VVK_MIAS\Forms\SPR\s_personobjectedittree.SCT>
Œ¡–¿¡Œ“ ¿: <C:\Program Files\Microsoft SQL Server\MSSQL\My Data\Projects\VVK_MIAS\Forms\SPR\s_personobjectedittree.scx>
Œ¡–¿¡Œ“ ¿: <C:\Program Files\Microsoft SQL Server\MSSQL\My Data\Projects\VVK_MIAS\Forms\SPR\s_pitanie.SCT>
Œ¡–¿¡Œ“ ¿: <C:\Program Files\Microsoft SQL Server\MSSQL\My Data\Projects\VVK_MIAS\Forms\SPR\s_pitanie.scx>
Œ¡–¿¡Œ“ ¿: <C:\Program Files\Microsoft SQL Server\MSSQL\My Data\Projects\VVK_MIAS\Forms\SPR\s_pitanie1.SCT>
Œ¡–¿¡Œ“ ¿: <C:\Program Files\Microsoft SQL Server\MSSQL\My Data\Projects\VVK_MIAS\Forms\SPR\s_pitanie1.scx>
Œ¡–¿¡Œ“ ¿: <C:\Program Files\Microsoft SQL Server\MSSQL\My Data\Projects\VVK_MIAS\Forms\SPR\s_pitanie1edit.SCT>
Œ¡–¿¡Œ“ ¿: <C:\Program Files\Microsoft SQL Server\MSSQL\My Data\Projects\VVK_MIAS\Forms\SPR\s_pitanie1edit.scx>
Œ¡–¿¡Œ“ ¿: <C:\Program Files\Microsoft SQL Server\MSSQL\My Data\Projects\VVK_MIAS\Forms\SPR\s_pitanieedit.SCT>
Œ¡–¿¡Œ“ ¿: <C:\Program Files\Microsoft SQL Server\MSSQL\My Data\Projects\VVK_MIAS\Forms\SPR\s_pitanieedit.scx>
Œ¡–¿¡Œ“ ¿: <C:\Program Files\Microsoft SQL Server\MSSQL\My Data\Projects\VVK_MIAS\Forms\SPR\s_pps.SCT>
Œ¡–¿¡Œ“ ¿: <C:\Program Files\Microsoft SQL Server\MSSQL\My Data\Projects\VVK_MIAS\Forms\SPR\s_pps.scx>
Œ¡–¿¡Œ“ ¿: <C:\Program Files\Microsoft SQL Server\MSSQL\My Data\Projects\VVK_MIAS\Forms\SPR\s_ppsedit.SCT>
Œ¡–¿¡Œ“ ¿: <C:\Program Files\Microsoft SQL Server\MSSQL\My Data\Projects\VVK_MIAS\Forms\SPR\s_ppsedit.scx>
Œ¡–¿¡Œ“ ¿: <C:\Program Files\Microsoft SQL Server\MSSQL\My Data\Projects\VVK_MIAS\Forms\SPR\s_prichina.SCT>
Œ¡–¿¡Œ“ ¿: <C:\Program Files\Microsoft SQL Server\MSSQL\My Data\Projects\VVK_MIAS\Forms\SPR\s_prichina.scx>
Œ¡–¿¡Œ“ ¿: <C:\Program Files\Microsoft SQL Server\MSSQL\My Data\Projects\VVK_MIAS\Forms\SPR\s_prichinaedit.SCT>
Œ¡–¿¡Œ“ ¿: <C:\Program Files\Microsoft SQL Server\MSSQL\My Data\Projects\VVK_MIAS\Forms\SPR\s_prichinaedit.scx>
Œ¡–¿¡Œ“ ¿: <C:\Program Files\Microsoft SQL Server\MSSQL\My Data\Projects\VVK_MIAS\Forms\SPR\s_prichinanopolis.SCT>
Œ¡–¿¡Œ“ ¿: <C:\Program Files\Microsoft SQL Server\MSSQL\My Data\Projects\VVK_MIAS\Forms\SPR\s_prichinanopolis.scx>
Œ¡–¿¡Œ“ ¿: <C:\Program Files\Microsoft SQL Server\MSSQL\My Data\Projects\VVK_MIAS\Forms\SPR\s_prichinanopolisedit.SCT>
Œ¡–¿¡Œ“ ¿: <C:\Program Files\Microsoft SQL Server\MSSQL\My Data\Projects\VVK_MIAS\Forms\SPR\s_prichinanopolisedit.scx>
Œ¡–¿¡Œ“ ¿: <C:\Program Files\Microsoft SQL Server\MSSQL\My Data\Projects\VVK_MIAS\Forms\SPR\s_rahit.SCT>
Œ¡–¿¡Œ“ ¿: <C:\Program Files\Microsoft SQL Server\MSSQL\My Data\Projects\VVK_MIAS\Forms\SPR\s_rahit.scx>
Œ¡–¿¡Œ“ ¿: <C:\Program Files\Microsoft SQL Server\MSSQL\My Data\Projects\VVK_MIAS\Forms\SPR\s_rahitedit.SCT>
Œ¡–¿¡Œ“ ¿: <C:\Program Files\Microsoft SQL Server\MSSQL\My Data\Projects\VVK_MIAS\Forms\SPR\s_rahitedit.scx>
Œ¡–¿¡Œ“ ¿: <C:\Program Files\Microsoft SQL Server\MSSQL\My Data\Projects\VVK_MIAS\Forms\SPR\s_raspisanie.SCT>
Œ¡–¿¡Œ“ ¿: <C:\Program Files\Microsoft SQL Server\MSSQL\My Data\Projects\VVK_MIAS\Forms\SPR\s_raspisanie.scx>
Œ¡–¿¡Œ“ ¿: <C:\Program Files\Microsoft SQL Server\MSSQL\My Data\Projects\VVK_MIAS\Forms\SPR\s_raspisanie_options.SCT>
Œ¡–¿¡Œ“ ¿: <C:\Program Files\Microsoft SQL Server\MSSQL\My Data\Projects\VVK_MIAS\Forms\SPR\s_raspisanie_options.scx>
Œ¡–¿¡Œ“ ¿: <C:\Program Files\Microsoft SQL Server\MSSQL\My Data\Projects\VVK_MIAS\Forms\SPR\s_raspisanie_otkaz.SCT>
Œ¡–¿¡Œ“ ¿: <C:\Program Files\Microsoft SQL Server\MSSQL\My Data\Projects\VVK_MIAS\Forms\SPR\s_raspisanie_otkaz.scx>
Œ¡–¿¡Œ“ ¿: <C:\Program Files\Microsoft SQL Server\MSSQL\My Data\Projects\VVK_MIAS\Forms\SPR\s_raspisanie_pacient_info.SCT>
Œ¡–¿¡Œ“ ¿: <C:\Program Files\Microsoft SQL Server\MSSQL\My Data\Projects\VVK_MIAS\Forms\SPR\s_raspisanie_pacient_info.scx>
Œ¡–¿¡Œ“ ¿: <C:\Program Files\Microsoft SQL Server\MSSQL\My Data\Projects\VVK_MIAS\Forms\SPR\s_raspisanie_priem.SCT>
Œ¡–¿¡Œ“ ¿: <C:\Program Files\Microsoft SQL Server\MSSQL\My Data\Projects\VVK_MIAS\Forms\SPR\s_raspisanie_priem.scx>
Œ¡–¿¡Œ“ ¿: <C:\Program Files\Microsoft SQL Server\MSSQL\My Data\Projects\VVK_MIAS\Forms\SPR\s_rezultat.SCT>
Œ¡–¿¡Œ“ ¿: <C:\Program Files\Microsoft SQL Server\MSSQL\My Data\Projects\VVK_MIAS\Forms\SPR\s_rezultat.scx>
Œ¡–¿¡Œ“ ¿: <C:\Program Files\Microsoft SQL Server\MSSQL\My Data\Projects\VVK_MIAS\Forms\SPR\s_rezultatedit.SCT>
Œ¡–¿¡Œ“ ¿: <C:\Program Files\Microsoft SQL Server\MSSQL\My Data\Projects\VVK_MIAS\Forms\SPR\s_rezultatedit.scx>
Œ¡–¿¡Œ“ ¿: <C:\Program Files\Microsoft SQL Server\MSSQL\My Data\Projects\VVK_MIAS\Forms\SPR\s_riski.SCT>
Œ¡–¿¡Œ“ ¿: <C:\Program Files\Microsoft SQL Server\MSSQL\My Data\Projects\VVK_MIAS\Forms\SPR\s_riski.scx>
Œ¡–¿¡Œ“ ¿: <C:\Program Files\Microsoft SQL Server\MSSQL\My Data\Projects\VVK_MIAS\Forms\SPR\s_riskiedit.SCT>
Œ¡–¿¡Œ“ ¿: <C:\Program Files\Microsoft SQL Server\MSSQL\My Data\Projects\VVK_MIAS\Forms\SPR\s_riskiedit.scx>
Œ¡–¿¡Œ“ ¿: <C:\Program Files\Microsoft SQL Server\MSSQL\My Data\Projects\VVK_MIAS\Forms\SPR\s_server.SCT>
Œ¡–¿¡Œ“ ¿: <C:\Program Files\Microsoft SQL Server\MSSQL\My Data\Projects\VVK_MIAS\Forms\SPR\s_server.scx>
Œ¡–¿¡Œ“ ¿: <C:\Program Files\Microsoft SQL Server\MSSQL\My Data\Projects\VVK_MIAS\Forms\SPR\s_serveredit.SCT>
Œ¡–¿¡Œ“ ¿: <C:\Program Files\Microsoft SQL Server\MSSQL\My Data\Projects\VVK_MIAS\Forms\SPR\s_serveredit.scx>
Œ¡–¿¡Œ“ ¿: <C:\Program Files\Microsoft SQL Server\MSSQL\My Data\Projects\VVK_MIAS\Forms\SPR\s_smo.SCT>
Œ¡–¿¡Œ“ ¿: <C:\Program Files\Microsoft SQL Server\MSSQL\My Data\Projects\VVK_MIAS\Forms\SPR\s_smo.scx>
Œ¡–¿¡Œ“ ¿: <C:\Program Files\Microsoft SQL Server\MSSQL\My Data\Projects\VVK_MIAS\Forms\SPR\s_SMOedit.SCT>
Œ¡–¿¡Œ“ ¿: <C:\Program Files\Microsoft SQL Server\MSSQL\My Data\Projects\VVK_MIAS\Forms\SPR\s_SMOedit.scx>
Œ¡–¿¡Œ“ ¿: <C:\Program Files\Microsoft SQL Server\MSSQL\My Data\Projects\VVK_MIAS\Forms\SPR\s_sost1.SCT>
Œ¡–¿¡Œ“ ¿: <C:\Program Files\Microsoft SQL Server\MSSQL\My Data\Projects\VVK_MIAS\Forms\SPR\s_sost1.scx>
Œ¡–¿¡Œ“ ¿: <C:\Program Files\Microsoft SQL Server\MSSQL\My Data\Projects\VVK_MIAS\Forms\SPR\s_sost1edit.SCT>
Œ¡–¿¡Œ“ ¿: <C:\Program Files\Microsoft SQL Server\MSSQL\My Data\Projects\VVK_MIAS\Forms\SPR\s_sost1edit.scx>
Œ¡–¿¡Œ“ ¿: <C:\Program Files\Microsoft SQL Server\MSSQL\My Data\Projects\VVK_MIAS\Forms\SPR\s_sotrudnik.SCT>
Œ¡–¿¡Œ“ ¿: <C:\Program Files\Microsoft SQL Server\MSSQL\My Data\Projects\VVK_MIAS\Forms\SPR\s_sotrudnik.scx>
Œ¡–¿¡Œ“ ¿: <C:\Program Files\Microsoft SQL Server\MSSQL\My Data\Projects\VVK_MIAS\Forms\SPR\s_sotrudnikedit.SCT>
Œ¡–¿¡Œ“ ¿: <C:\Program Files\Microsoft SQL Server\MSSQL\My Data\Projects\VVK_MIAS\Forms\SPR\s_sotrudnikedit.scx>
Œ¡–¿¡Œ“ ¿: <C:\Program Files\Microsoft SQL Server\MSSQL\My Data\Projects\VVK_MIAS\Forms\SPR\s_sovet.SCT>
Œ¡–¿¡Œ“ ¿: <C:\Program Files\Microsoft SQL Server\MSSQL\My Data\Projects\VVK_MIAS\Forms\SPR\s_sovet.scx>
Œ¡–¿¡Œ“ ¿: <C:\Program Files\Microsoft SQL Server\MSSQL\My Data\Projects\VVK_MIAS\Forms\SPR\s_Sovetedit.SCT>
Œ¡–¿¡Œ“ ¿: <C:\Program Files\Microsoft SQL Server\MSSQL\My Data\Projects\VVK_MIAS\Forms\SPR\s_Sovetedit.scx>
Œ¡–¿¡Œ“ ¿: <C:\Program Files\Microsoft SQL Server\MSSQL\My Data\Projects\VVK_MIAS\Forms\SPR\s_status.SCT>
Œ¡–¿¡Œ“ ¿: <C:\Program Files\Microsoft SQL Server\MSSQL\My Data\Projects\VVK_MIAS\Forms\SPR\s_status.scx>
Œ¡–¿¡Œ“ ¿: <C:\Program Files\Microsoft SQL Server\MSSQL\My Data\Projects\VVK_MIAS\Forms\SPR\s_StatusDol.SCT>
Œ¡–¿¡Œ“ ¿: <C:\Program Files\Microsoft SQL Server\MSSQL\My Data\Projects\VVK_MIAS\Forms\SPR\s_StatusDol.scx>
Œ¡–¿¡Œ“ ¿: <C:\Program Files\Microsoft SQL Server\MSSQL\My Data\Projects\VVK_MIAS\Forms\SPR\s_StatusDoledit.SCT>
Œ¡–¿¡Œ“ ¿: <C:\Program Files\Microsoft SQL Server\MSSQL\My Data\Projects\VVK_MIAS\Forms\SPR\s_StatusDoledit.scx>
Œ¡–¿¡Œ“ ¿: <C:\Program Files\Microsoft SQL Server\MSSQL\My Data\Projects\VVK_MIAS\Forms\SPR\s_statusedit.SCT>
Œ¡–¿¡Œ“ ¿: <C:\Program Files\Microsoft SQL Server\MSSQL\My Data\Projects\VVK_MIAS\Forms\SPR\s_statusedit.scx>
Œ¡–¿¡Œ“ ¿: <C:\Program Files\Microsoft SQL Server\MSSQL\My Data\Projects\VVK_MIAS\Forms\SPR\s_statusmesto.SCT>
Œ¡–¿¡Œ“ ¿: <C:\Program Files\Microsoft SQL Server\MSSQL\My Data\Projects\VVK_MIAS\Forms\SPR\s_statusmesto.scx>
Œ¡–¿¡Œ“ ¿: <C:\Program Files\Microsoft SQL Server\MSSQL\My Data\Projects\VVK_MIAS\Forms\SPR\s_typedoc.SCT>
Œ¡–¿¡Œ“ ¿: <C:\Program Files\Microsoft SQL Server\MSSQL\My Data\Projects\VVK_MIAS\Forms\SPR\s_typedoc.scx>
Œ¡–¿¡Œ“ ¿: <C:\Program Files\Microsoft SQL Server\MSSQL\My Data\Projects\VVK_MIAS\Forms\SPR\s_typedocedit.SCT>
Œ¡–¿¡Œ“ ¿: <C:\Program Files\Microsoft SQL Server\MSSQL\My Data\Projects\VVK_MIAS\Forms\SPR\s_typedocedit.scx>
Œ¡–¿¡Œ“ ¿: <C:\Program Files\Microsoft SQL Server\MSSQL\My Data\Projects\VVK_MIAS\Forms\SPR\s_universal.SCT>
Œ¡–¿¡Œ“ ¿: <C:\Program Files\Microsoft SQL Server\MSSQL\My Data\Projects\VVK_MIAS\Forms\SPR\s_universal.scx>
Œ¡–¿¡Œ“ ¿: <C:\Program Files\Microsoft SQL Server\MSSQL\My Data\Projects\VVK_MIAS\Forms\SPR\s_universaledit.SCT>
Œ¡–¿¡Œ“ ¿: <C:\Program Files\Microsoft SQL Server\MSSQL\My Data\Projects\VVK_MIAS\Forms\SPR\s_universaledit.scx>
Œ¡–¿¡Œ“ ¿: <C:\Program Files\Microsoft SQL Server\MSSQL\My Data\Projects\VVK_MIAS\Forms\SPR\s_universaltype.SCT>
Œ¡–¿¡Œ“ ¿: <C:\Program Files\Microsoft SQL Server\MSSQL\My Data\Projects\VVK_MIAS\Forms\SPR\s_universaltype.scx>
Œ¡–¿¡Œ“ ¿: <C:\Program Files\Microsoft SQL Server\MSSQL\My Data\Projects\VVK_MIAS\Forms\SPR\s_universaltypeedit.SCT>
Œ¡–¿¡Œ“ ¿: <C:\Program Files\Microsoft SQL Server\MSSQL\My Data\Projects\VVK_MIAS\Forms\SPR\s_universaltypeedit.scx>
Œ¡–¿¡Œ“ ¿: <C:\Program Files\Microsoft SQL Server\MSSQL\My Data\Projects\VVK_MIAS\Forms\SPR\s_upakovka.SCT>
Œ¡–¿¡Œ“ ¿: <C:\Program Files\Microsoft SQL Server\MSSQL\My Data\Projects\VVK_MIAS\Forms\SPR\s_upakovka.scx>
Œ¡–¿¡Œ“ ¿: <C:\Program Files\Microsoft SQL Server\MSSQL\My Data\Projects\VVK_MIAS\Forms\SPR\s_upakovkaedit.SCT>
Œ¡–¿¡Œ“ ¿: <C:\Program Files\Microsoft SQL Server\MSSQL\My Data\Projects\VVK_MIAS\Forms\SPR\s_upakovkaedit.scx>
Œ¡–¿¡Œ“ ¿: <C:\Program Files\Microsoft SQL Server\MSSQL\My Data\Projects\VVK_MIAS\Forms\SPR\s_user.SCT>
Œ¡–¿¡Œ“ ¿: <C:\Program Files\Microsoft SQL Server\MSSQL\My Data\Projects\VVK_MIAS\Forms\SPR\s_user.scx>
Œ¡–¿¡Œ“ ¿: <C:\Program Files\Microsoft SQL Server\MSSQL\My Data\Projects\VVK_MIAS\Forms\SPR\s_useredit.SCT>
Œ¡–¿¡Œ“ ¿: <C:\Program Files\Microsoft SQL Server\MSSQL\My Data\Projects\VVK_MIAS\Forms\SPR\s_useredit.scx>
Œ¡–¿¡Œ“ ¿: <C:\Program Files\Microsoft SQL Server\MSSQL\My Data\Projects\VVK_MIAS\Forms\SPR\s_vaccine.SCT>
Œ¡–¿¡Œ“ ¿: <C:\Program Files\Microsoft SQL Server\MSSQL\My Data\Projects\VVK_MIAS\Forms\SPR\s_vaccine.scx>
Œ¡–¿¡Œ“ ¿: <C:\Program Files\Microsoft SQL Server\MSSQL\My Data\Projects\VVK_MIAS\Forms\SPR\s_vaccinedoza.SCT>
Œ¡–¿¡Œ“ ¿: <C:\Program Files\Microsoft SQL Server\MSSQL\My Data\Projects\VVK_MIAS\Forms\SPR\s_vaccinedoza.scx>
Œ¡–¿¡Œ“ ¿: <C:\Program Files\Microsoft SQL Server\MSSQL\My Data\Projects\VVK_MIAS\Forms\SPR\s_vaccinedozaedit.SCT>
Œ¡–¿¡Œ“ ¿: <C:\Program Files\Microsoft SQL Server\MSSQL\My Data\Projects\VVK_MIAS\Forms\SPR\s_vaccinedozaedit.scx>
Œ¡–¿¡Œ“ ¿: <C:\Program Files\Microsoft SQL Server\MSSQL\My Data\Projects\VVK_MIAS\Forms\SPR\s_vaccineedit.SCT>
Œ¡–¿¡Œ“ ¿: <C:\Program Files\Microsoft SQL Server\MSSQL\My Data\Projects\VVK_MIAS\Forms\SPR\s_vaccineedit.scx>
Œ¡–¿¡Œ“ ¿: <C:\Program Files\Microsoft SQL Server\MSSQL\My Data\Projects\VVK_MIAS\Forms\SPR\s_vaccinekalendar.SCT>
Œ¡–¿¡Œ“ ¿: <C:\Program Files\Microsoft SQL Server\MSSQL\My Data\Projects\VVK_MIAS\Forms\SPR\s_vaccinekalendar.scx>
Œ¡–¿¡Œ“ ¿: <C:\Program Files\Microsoft SQL Server\MSSQL\My Data\Projects\VVK_MIAS\Forms\SPR\s_vaccineonreactia.SCT>
Œ¡–¿¡Œ“ ¿: <C:\Program Files\Microsoft SQL Server\MSSQL\My Data\Projects\VVK_MIAS\Forms\SPR\s_vaccineonreactia.scx>
Œ¡–¿¡Œ“ ¿: <C:\Program Files\Microsoft SQL Server\MSSQL\My Data\Projects\VVK_MIAS\Forms\SPR\s_vaccineonreactiaedit.SCT>
Œ¡–¿¡Œ“ ¿: <C:\Program Files\Microsoft SQL Server\MSSQL\My Data\Projects\VVK_MIAS\Forms\SPR\s_vaccineonreactiaedit.scx>
Œ¡–¿¡Œ“ ¿: <C:\Program Files\Microsoft SQL Server\MSSQL\My Data\Projects\VVK_MIAS\Forms\SPR\s_vaccineplan.SCT>
Œ¡–¿¡Œ“ ¿: <C:\Program Files\Microsoft SQL Server\MSSQL\My Data\Projects\VVK_MIAS\Forms\SPR\s_vaccineplan.scx>
Œ¡–¿¡Œ“ ¿: <C:\Program Files\Microsoft SQL Server\MSSQL\My Data\Projects\VVK_MIAS\Forms\SPR\s_vaccinereactia.SCT>
Œ¡–¿¡Œ“ ¿: <C:\Program Files\Microsoft SQL Server\MSSQL\My Data\Projects\VVK_MIAS\Forms\SPR\s_vaccinereactia.scx>
Œ¡–¿¡Œ“ ¿: <C:\Program Files\Microsoft SQL Server\MSSQL\My Data\Projects\VVK_MIAS\Forms\SPR\s_vaccinereactiaedit.SCT>
Œ¡–¿¡Œ“ ¿: <C:\Program Files\Microsoft SQL Server\MSSQL\My Data\Projects\VVK_MIAS\Forms\SPR\s_vaccinereactiaedit.scx>
Œ¡–¿¡Œ“ ¿: <C:\Program Files\Microsoft SQL Server\MSSQL\My Data\Projects\VVK_MIAS\Forms\SPR\s_vaccinereactiaedit_old.sct>
Œ¡–¿¡Œ“ ¿: <C:\Program Files\Microsoft SQL Server\MSSQL\My Data\Projects\VVK_MIAS\Forms\SPR\s_vaccinereactiaedit_old.scx>
Œ¡–¿¡Œ“ ¿: <C:\Program Files\Microsoft SQL Server\MSSQL\My Data\Projects\VVK_MIAS\Forms\SPR\s_vaccinereactia_old.SCT>
Œ¡–¿¡Œ“ ¿: <C:\Program Files\Microsoft SQL Server\MSSQL\My Data\Projects\VVK_MIAS\Forms\SPR\s_vaccinereactia_old.scx>
Œ¡–¿¡Œ“ ¿: <C:\Program Files\Microsoft SQL Server\MSSQL\My Data\Projects\VVK_MIAS\Forms\SPR\s_VievNeviev.SCT>
Œ¡–¿¡Œ“ ¿: <C:\Program Files\Microsoft SQL Server\MSSQL\My Data\Projects\VVK_MIAS\Forms\SPR\s_VievNeviev.scx>
Œ¡–¿¡Œ“ ¿: <C:\Program Files\Microsoft SQL Server\MSSQL\My Data\Projects\VVK_MIAS\Forms\SPR\s_vievnevievedit.SCT>
Œ¡–¿¡Œ“ ¿: <C:\Program Files\Microsoft SQL Server\MSSQL\My Data\Projects\VVK_MIAS\Forms\SPR\s_vievnevievedit.scx>
Œ¡–¿¡Œ“ ¿: <C:\Program Files\Microsoft SQL Server\MSSQL\My Data\Projects\VVK_MIAS\Forms\SPR\s_vredpriv.SCT>
Œ¡–¿¡Œ“ ¿: <C:\Program Files\Microsoft SQL Server\MSSQL\My Data\Projects\VVK_MIAS\Forms\SPR\s_vredpriv.scx>
Œ¡–¿¡Œ“ ¿: <C:\Program Files\Microsoft SQL Server\MSSQL\My Data\Projects\VVK_MIAS\Forms\SPR\s_VredPrivedit.SCT>
Œ¡–¿¡Œ“ ¿: <C:\Program Files\Microsoft SQL Server\MSSQL\My Data\Projects\VVK_MIAS\Forms\SPR\s_VredPrivedit.scx>
Œ¡–¿¡Œ“ ¿: <C:\Program Files\Microsoft SQL Server\MSSQL\My Data\Projects\VVK_MIAS\Forms\SPR\s_vskarmlivanie.SCT>
Œ¡–¿¡Œ“ ¿: <C:\Program Files\Microsoft SQL Server\MSSQL\My Data\Projects\VVK_MIAS\Forms\SPR\s_vskarmlivanie.scx>
Œ¡–¿¡Œ“ ¿: <C:\Program Files\Microsoft SQL Server\MSSQL\My Data\Projects\VVK_MIAS\Forms\SPR\s_vskarmlivanieedit.SCT>
Œ¡–¿¡Œ“ ¿: <C:\Program Files\Microsoft SQL Server\MSSQL\My Data\Projects\VVK_MIAS\Forms\SPR\s_vskarmlivanieedit.scx>
Œ¡–¿¡Œ“ ¿: <C:\Program Files\Microsoft SQL Server\MSSQL\My Data\Projects\VVK_MIAS\Forms\SPR\s_vv.SCT>
Œ¡–¿¡Œ“ ¿: <C:\Program Files\Microsoft SQL Server\MSSQL\My Data\Projects\VVK_MIAS\Forms\SPR\s_vv.scx>
Œ¡–¿¡Œ“ ¿: <C:\Program Files\Microsoft SQL Server\MSSQL\My Data\Projects\VVK_MIAS\Forms\SPR\s_vvedit.SCT>
Œ¡–¿¡Œ“ ¿: <C:\Program Files\Microsoft SQL Server\MSSQL\My Data\Projects\VVK_MIAS\Forms\SPR\s_vvedit.scx>
Œ¡–¿¡Œ“ ¿: <C:\Program Files\Microsoft SQL Server\MSSQL\My Data\Projects\VVK_MIAS\Forms\sysstruct.SCT>
Œ¡–¿¡Œ“ ¿: <C:\Program Files\Microsoft SQL Server\MSSQL\My Data\Projects\VVK_MIAS\Forms\sysstruct.scx>
Œ¡–¿¡Œ“ ¿: <C:\Program Files\Microsoft SQL Server\MSSQL\My Data\Projects\VVK_MIAS\Forms\sysStructEdit.SCT>
Œ¡–¿¡Œ“ ¿: <C:\Program Files\Microsoft SQL Server\MSSQL\My Data\Projects\VVK_MIAS\Forms\sysStructEdit.scx>
Œ¡–¿¡Œ“ ¿: <C:\Program Files\Microsoft SQL Server\MSSQL\My Data\Projects\VVK_MIAS\Forms\temp.SCT>
Œ¡–¿¡Œ“ ¿: <C:\Program Files\Microsoft SQL Server\MSSQL\My Data\Projects\VVK_MIAS\Forms\temp.scx>
Œ¡–¿¡Œ“ ¿: <C:\Program Files\Microsoft SQL Server\MSSQL\My Data\Projects\VVK_MIAS\Forms\_seek.SCT>
Œ¡–¿¡Œ“ ¿: <C:\Program Files\Microsoft SQL Server\MSSQL\My Data\Projects\VVK_MIAS\Forms\_seek.scx>
Œ¡–¿¡Œ“ ¿: <C:\Program Files\Microsoft SQL Server\MSSQL\My Data\Projects\VVK_MIAS\Forms\‚˚„ÛÁÍ‡ ‚ÒÂı ‰‡ÌÌ˚ı.SCT>
Œ¡–¿¡Œ“ ¿: <C:\Program Files\Microsoft SQL Server\MSSQL\My Data\Projects\VVK_MIAS\Forms\‚˚„ÛÁÍ‡ ‚ÒÂı ‰‡ÌÌ˚ı.scx>
Œ¡–¿¡Œ“ ¿: <C:\Program Files\Microsoft SQL Server\MSSQL\My Data\Projects\VVK_MIAS\Forms\Á‡„ÛÁÍ‡ ‚ÒÂı ‰‡ÌÌ˚ı.SCT>
Œ¡–¿¡Œ“ ¿: <C:\Program Files\Microsoft SQL Server\MSSQL\My Data\Projects\VVK_MIAS\Forms\Á‡„ÛÁÍ‡ ‚ÒÂı ‰‡ÌÌ˚ı.scx>
Œ¡–¿¡Œ“ ¿: <C:\Program Files\Microsoft SQL Server\MSSQL\My Data\Projects\VVK_MIAS\Forms\Á‡„ÛÁÍ‡ ÒÔ‡‚Ó˜ÌËÍ‡ ÏÍ· ËÁ ‰·Ù Ù‡ÈÎ‡.SCT>
Œ¡–¿¡Œ“ ¿: <C:\Program Files\Microsoft SQL Server\MSSQL\My Data\Projects\VVK_MIAS\Forms\Á‡„ÛÁÍ‡ ÒÔ‡‚Ó˜ÌËÍ‡ ÏÍ· ËÁ ‰·Ù Ù‡ÈÎ‡.scx>
Œ¡–¿¡Œ“ ¿: <C:\Program Files\Microsoft SQL Server\MSSQL\My Data\Projects\VVK_MIAS\Forms\Á‡„ÛÁÍ‡ ÒÔ‡‚Ó˜ÌËÍ‡ Ô‡ˆËÂÌÚÓ‚ ËÁ mias16.SCT>
Œ¡–¿¡Œ“ ¿: <C:\Program Files\Microsoft SQL Server\MSSQL\My Data\Projects\VVK_MIAS\Forms\Á‡„ÛÁÍ‡ ÒÔ‡‚Ó˜ÌËÍ‡ Ô‡ˆËÂÌÚÓ‚ ËÁ mias16.scx>
Œ¡–¿¡Œ“ ¿: <C:\Program Files\Microsoft SQL Server\MSSQL\My Data\Projects\VVK_MIAS\Forms\Á‡„ÛÁÍ‡ ÒÔ‡‚Ó˜ÌËÍ‡ Ô‡ˆËÂÌÚÓ‚ Ò ‡‰ÂÒ‡ÏË, ÔËÍÂÔÎÂÌËˇÏË Ë ÔÓÎËÒ‡ÏË ËÁ ‰·Ù Ù‡ÈÎ‡.SCT>
Œ¡–¿¡Œ“ ¿: <C:\Program Files\Microsoft SQL Server\MSSQL\My Data\Projects\VVK_MIAS\Forms\Á‡„ÛÁÍ‡ ÒÔ‡‚Ó˜ÌËÍ‡ Ô‡ˆËÂÌÚÓ‚ Ò ‡‰ÂÒ‡ÏË, ÔËÍÂÔÎÂÌËˇÏË Ë ÔÓÎËÒ‡ÏË ËÁ ‰·Ù Ù‡ÈÎ‡.scx>
Œ¡–¿¡Œ“ ¿: <C:\Program Files\Microsoft SQL Server\MSSQL\My Data\Projects\VVK_MIAS\Forms\Á‡„ÛÁÍ‡ÒÔ‡‚Ó˜ÌËÍ‡‚‡˜ÂÈËÁÏË‡Ò16.SCT>
Œ¡–¿¡Œ“ ¿: <C:\Program Files\Microsoft SQL Server\MSSQL\My Data\Projects\VVK_MIAS\Forms\Á‡„ÛÁÍ‡ÒÔ‡‚Ó˜ÌËÍ‡‚‡˜ÂÈËÁÏË‡Ò16.scx>
Œ¡–¿¡Œ“ ¿: <C:\Program Files\Microsoft SQL Server\MSSQL\My Data\Projects\VVK_MIAS\Forms\Á‡„ÛÁÍ‡ÒÔ‡‚Ó˜ÌËÍ‡‰ÓÎÊÌÓÒÚÂÈËÁÏË‡Ò16.SCT>
Œ¡–¿¡Œ“ ¿: <C:\Program Files\Microsoft SQL Server\MSSQL\My Data\Projects\VVK_MIAS\Forms\Á‡„ÛÁÍ‡ÒÔ‡‚Ó˜ÌËÍ‡‰ÓÎÊÌÓÒÚÂÈËÁÏË‡Ò16.scx>
Œ¡–¿¡Œ“ ¿: <C:\Program Files\Microsoft SQL Server\MSSQL\My Data\Projects\VVK_MIAS\Forms\ËÁÏÂÌÂÌËÂ Ò‚ÓÈÒÚ‚‡ collation.SCT>
Œ¡–¿¡Œ“ ¿: <C:\Program Files\Microsoft SQL Server\MSSQL\My Data\Projects\VVK_MIAS\Forms\ËÁÏÂÌÂÌËÂ Ò‚ÓÈÒÚ‚‡ collation.scx>
Œ¡–¿¡Œ“ ¿: <C:\Program Files\Microsoft SQL Server\MSSQL\My Data\Projects\VVK_MIAS\Forms\ÛÒÚ‡ÌÓ‚Í‡ default Ì‡ datetime_c Ë datetime_d.SCT>
Œ¡–¿¡Œ“ ¿: <C:\Program Files\Microsoft SQL Server\MSSQL\My Data\Projects\VVK_MIAS\Forms\ÛÒÚ‡ÌÓ‚Í‡ default Ì‡ datetime_c Ë datetime_d.scx>
Œ¡–¿¡Œ“ ¿: <C:\Program Files\Microsoft SQL Server\MSSQL\My Data\Projects\VVK_MIAS\Forms\ÛÒÚ‡ÌÓ‚Í‡ null datetime_c Ë datetime_d ‚ ÛÍ‡Á‡ÌÌÓÂ ÁÌ‡˜ÂÌËÂ.SCT>
Œ¡–¿¡Œ“ ¿: <C:\Program Files\Microsoft SQL Server\MSSQL\My Data\Projects\VVK_MIAS\Forms\ÛÒÚ‡ÌÓ‚Í‡ null datetime_c Ë datetime_d ‚ ÛÍ‡Á‡ÌÌÓÂ ÁÌ‡˜ÂÌËÂ.scx>
Œ¡–¿¡Œ“ ¿: <C:\Program Files\Microsoft SQL Server\MSSQL\My Data\Projects\VVK_MIAS\libs\ekwator.VCT>
Œ¡–¿¡Œ“ ¿: <C:\Program Files\Microsoft SQL Server\MSSQL\My Data\Projects\VVK_MIAS\libs\ekwator.vcx>
Œ¡–¿¡Œ“ ¿: <C:\Program Files\Microsoft SQL Server\MSSQL\My Data\Projects\VVK_MIAS\libs\elena.VCT>
Œ¡–¿¡Œ“ ¿: <C:\Program Files\Microsoft SQL Server\MSSQL\My Data\Projects\VVK_MIAS\libs\elena.vcx>
Œ¡–¿¡Œ“ ¿: <C:\Program Files\Microsoft SQL Server\MSSQL\My Data\Projects\VVK_MIAS\libs\Lab.VCT>
Œ¡–¿¡Œ“ ¿: <C:\Program Files\Microsoft SQL Server\MSSQL\My Data\Projects\VVK_MIAS\libs\lab.vcx>
Œ¡–¿¡Œ“ ¿: <C:\Program Files\Microsoft SQL Server\MSSQL\My Data\Projects\VVK_MIAS\libs\LoadSize.VCT>
Œ¡–¿¡Œ“ ¿: <C:\Program Files\Microsoft SQL Server\MSSQL\My Data\Projects\VVK_MIAS\libs\loadsize.vcx>
Œ¡–¿¡Œ“ ¿: <C:\Program Files\Microsoft SQL Server\MSSQL\My Data\Projects\VVK_MIAS\libs\osmotr.VCT>
Œ¡–¿¡Œ“ ¿: <C:\Program Files\Microsoft SQL Server\MSSQL\My Data\Projects\VVK_MIAS\libs\osmotr.vcx>
Œ¡–¿¡Œ“ ¿: <C:\Program Files\Microsoft SQL Server\MSSQL\My Data\Projects\VVK_MIAS\libs\seek.vct>
Œ¡–¿¡Œ“ ¿: <C:\Program Files\Microsoft SQL Server\MSSQL\My Data\Projects\VVK_MIAS\libs\seek.vcx>
Œ¡–¿¡Œ“ ¿: <C:\Program Files\Microsoft SQL Server\MSSQL\My Data\Projects\VVK_MIAS\libs\spr.VCT>
Œ¡–¿¡Œ“ ¿: <C:\Program Files\Microsoft SQL Server\MSSQL\My Data\Projects\VVK_MIAS\libs\spr.vcx>
Œ¡–¿¡Œ“ ¿: <C:\Program Files\Microsoft SQL Server\MSSQL\My Data\Projects\VVK_MIAS\libs\Toolbar.VCT>
Œ¡–¿¡Œ“ ¿: <C:\Program Files\Microsoft SQL Server\MSSQL\My Data\Projects\VVK_MIAS\libs\toolbar.vcx>
Œ¡–¿¡Œ“ ¿: <C:\Program Files\Microsoft SQL Server\MSSQL\My Data\Projects\VVK_MIAS\libs\vvk_mias.VCT>
Œ¡–¿¡Œ“ ¿: <C:\Program Files\Microsoft SQL Server\MSSQL\My Data\Projects\VVK_MIAS\libs\vvk_mias.vcx>
Œ¡–¿¡Œ“ ¿: <C:\Program Files\Microsoft SQL Server\MSSQL\My Data\Projects\VVK_MIAS\libs\_excel.VCT>
Œ¡–¿¡Œ“ ¿: <C:\Program Files\Microsoft SQL Server\MSSQL\My Data\Projects\VVK_MIAS\libs\_excel.vcx>
Œ¡–¿¡Œ“ ¿: <C:\Program Files\Microsoft SQL Server\MSSQL\My Data\Projects\VVK_MIAS\menus\MAINMENU.MPR>
Œ¡–¿¡Œ“ ¿: <C:\Program Files\Microsoft SQL Server\MSSQL\My Data\Projects\VVK_MIAS\vvk_mias.ERR>
Œ¡–¿¡Œ“ ¿: <C:\Program Files\Microsoft SQL Server\MSSQL\My Data\Projects\VVK_MIAS\VVK_MIAS.PJT>
Œ¡–¿¡Œ“ ¿: <C:\Program Files\Microsoft SQL Server\MSSQL\My Data\Projects\VVK_MIAS\VVK_MIAS.PJX>
¬—≈√Œ Œ¡–¿¡Œ“¿ÕŒ 848 ‘¿…ÀŒ¬
 Œœ»–Œ¬¿Õ»≈ <D:\Temp\~ARC0.zip> ¬ <E:\Archive\Prog\LastFourDays\DAY_PROG_20070318_1209.zip>
OK...
***************************************************************************
»“Œ√»:
¿–’»¬: E:\Archive\Prog\LastFourDays\DAY_PROG_20070318_1209.zip
–¿¡Œ“¿ «¿ ŒÕ◊≈Õ¿: 18.03.2007 12:09:54
¬–≈Ãﬂ –¿¡Œ“€:     0:00:23
–¿«Ã≈– ¿–’»¬¿:    3002 KB
Œ¡–¿¡Œ“¿ÕŒ:       848 ‘¿…ÀŒ¬
¬—≈√Œ ¬ ¿–’»¬≈:   848 ‘¿…ÀŒ¬
***************************************************************************
