Small Utils - BackUp 32
Registered to: MOTHER - RUSSIA
йнлоэчреп:    KOMPIK
онкэгнбюрекэ: юДЛХМХЯРПЮРНП
йнмтхцспюжхъ: day -> 1_week_data.cfg
нохяюмхе:     *** FOR WEEK DATA***
мювюкн:       19.03.2007 - 8:50:37
***************************************************************************
бпелеммши юпухб: <D:\Temp\~ARC0.zip>
напюанрйю: <C:\Program Files\Microsoft SQL Server\MSSQL\Data\EKWator_Data.MDF>
напюанрйю: <C:\Program Files\Microsoft SQL Server\MSSQL\Data\EKWator_Log.LDF>
напюанрйю: <C:\Program Files\Microsoft SQL Server\MSSQL\Data\master.mdf>
напюанрйю: <C:\Program Files\Microsoft SQL Server\MSSQL\Data\mastlog.ldf>
напюанрйю: <C:\Program Files\Microsoft SQL Server\MSSQL\Data\model.mdf>
напюанрйю: <C:\Program Files\Microsoft SQL Server\MSSQL\Data\modellog.ldf>
напюанрйю: <C:\Program Files\Microsoft SQL Server\MSSQL\Data\msdbdata.mdf>
напюанрйю: <C:\Program Files\Microsoft SQL Server\MSSQL\Data\msdblog.ldf>
напюанрйю: <C:\Program Files\Microsoft SQL Server\MSSQL\Data\northwnd.ldf>
напюанрйю: <C:\Program Files\Microsoft SQL Server\MSSQL\Data\northwnd.mdf>
напюанрйю: <C:\Program Files\Microsoft SQL Server\MSSQL\Data\pubs.mdf>
напюанрйю: <C:\Program Files\Microsoft SQL Server\MSSQL\Data\pubs_log.ldf>
напюанрйю: <C:\Program Files\Microsoft SQL Server\MSSQL\Data\tempdb.mdf>
напюанрйю: <C:\Program Files\Microsoft SQL Server\MSSQL\Data\templog.ldf>
напюанрйю: <C:\Program Files\Microsoft SQL Server\MSSQL\Data\TEST_Data.MDF>
напюанрйю: <C:\Program Files\Microsoft SQL Server\MSSQL\Data\TEST_Log.LDF>
напюанрйю: <C:\Program Files\Microsoft SQL Server\MSSQL\Data\vvk_Data.MDF>
напюанрйю: <C:\Program Files\Microsoft SQL Server\MSSQL\Data\vvk_Log.LDF>
напюанрйю: <C:\Program Files\Microsoft SQL Server\MSSQL\Data\vvk_mias_Data.MDF>
напюанрйю: <C:\Program Files\Microsoft SQL Server\MSSQL\Data\vvk_mias_Log.LDF>
напюанрйю: <C:\Program Files\Microsoft SQL Server\MSSQL\My Data\Vvk_mias_Log.LDF>
напюанрйю: <C:\Program Files\Microsoft SQL Server\MSSQL\My Data\Vvk_mias_Data.MDF>
бяецн напюанрюмн 22 тюикнб
йнохпнбюмхе <D:\Temp\~ARC0.zip> б <E:\Archive\Data\Week\WEEK_DATA_20070319_0850.zip>
OK...
бшонкмемхе: <C:\Program Files\BACKUP32\Arc_Data.bat>
OK...
***************************************************************************
хрнцх:
юпухб: E:\Archive\Data\Week\WEEK_DATA_20070319_0850.zip
пюанрю гюйнмвемю: 19.03.2007 8:56:16
бпелъ пюанрш:     0:05:34
пюглеп юпухбю:    15029 KB
напюанрюмн:       22 тюикнб
бяецн б юпухбе:   22 тюикнб
***************************************************************************
