Visual Class Library d:\мои документы\visual foxpro projects\vvk_mias\libs\vvk_mias.vcx has the following errors:
    Unknown APARAMSJURNAL - Undefined
    Unknown ANAMEFIELDSPARAMS - Undefined

Form d:\мои документы\visual foxpro projects\vvk_mias\forms\spr\s_sotrudnik.scx has the following errors:
    Unknown AJPARAM - Undefined

Form d:\мои документы\visual foxpro projects\vvk_mias\forms\spr\s_universal.scx has the following errors:
    Unknown AJPARAM - Undefined

Form d:\мои документы\visual foxpro projects\vvk_mias\forms\spr\s_mkb10.scx has the following errors:
    Unknown AJPARAM - Undefined

Form d:\мои документы\visual foxpro projects\vvk_mias\forms\spr\s_izgotovitel.scx has the following errors:
    Unknown AJPARAM - Undefined

Form d:\мои документы\visual foxpro projects\vvk_mias\forms\spr\s_blankexcel.scx has the following errors:
    Unknown AJPARAM - Undefined

Form d:\мои документы\visual foxpro projects\vvk_mias\forms\spr\s_adrescountry.scx has the following errors:
    Unknown AJPARAM - Undefined

Form d:\мои документы\visual foxpro projects\vvk_mias\forms\spr\s_adresraion.scx has the following errors:
    Unknown AJPARAM - Undefined

Form d:\мои документы\visual foxpro projects\vvk_mias\forms\spr\s_adresregion.scx has the following errors:
    Unknown AJPARAM - Undefined

Form d:\мои документы\visual foxpro projects\vvk_mias\forms\spr\s_adresstreet.scx has the following errors:
    Unknown AJPARAM - Undefined

Form d:\мои документы\visual foxpro projects\vvk_mias\forms\spr\s_adrescity.scx has the following errors:
    Unknown AJPARAM - Undefined

Form d:\мои документы\visual foxpro projects\vvk_mias\forms\spr\s_obrazovanie.scx has the following errors:
    Unknown AJPARAM - Undefined

Form d:\мои документы\visual foxpro projects\vvk_mias\forms\spr\s_pacientadres.scx has the following errors:
    Unknown AJPARAM - Undefined

Form d:\мои документы\visual foxpro projects\vvk_mias\forms\spr\s_pacientname.scx has the following errors:
    Unknown AJPARAM - Undefined

Form d:\мои документы\visual foxpro projects\vvk_mias\forms\spr\s_pacientoth.scx has the following errors:
    Unknown AJPARAM - Undefined

Form d:\мои документы\visual foxpro projects\vvk_mias\forms\spr\s_pacientpolis.scx has the following errors:
    Unknown AJPARAM - Undefined

Form d:\мои документы\visual foxpro projects\vvk_mias\forms\spr\s_pacient.scx has the following errors:
    Unknown AJPARAM - Undefined

